User logged in successfully as admin
User logged in successfully as admin
User logged in successfully as admin
rendered
rendered
rendered
rendered
Authentication failed
User logged in successfully as admin
Not Found: /sitemap_index.xml
User logged in successfully as admin
OSError: LSAPI: Socket read/write error
User logged in successfully as admin
rendered
Posted
rendered
User logged in successfully as admin
rendered
Not Found: /pabitrakc
Not Found: /favicon.ico
User logged in successfully as admin
Not Found: /robots.txt
Not Found: /wp-content/plugins/woocommerce-product-addon/css/divider.css
Internal Server Error: /employee/chirayu
Not Found: /robots.txt
Not Found: /favicon.ico
Not Found: /.well-known/traffic-advice
Not Found: /robots.txt
Not Found: /desertsafari
Not Found: /trip/thailand-singapore-malaysia-8n-9d/
Not Found: /wp-content/uploads/2023/05/canada-city.png
Not Found: /robots.txt
Not Found: /wp-content/uploads/2023/05/thai-ho-chi-minh-kul-990x490.png
Not Found: /wp-content/uploads/2023/12/Flightmandu-white-139x139.png
User logged in successfully as admin
Not Found: /trip/thailand-singapore-malaysia/
Not Found: /trip/thailand-singapore-malaysia/
Not Found: /trip/thailand-hochiminh-malaysia/
Not Found: /activities/holiday-package/
Not Found: /wp-content/uploads/2023/05/japan-temple.png
Not Found: /robots.txt
Not Found: /trip-sitemap.xml
Not Found: /destinations/hong-kong/
Not Found: /static/js/vendor/bootstrap.min.js.map
Not Found: /static/js/popper.min.js.map
Not Found: /static/js/popper.min.js.map
Not Found: /static/js/vendor/bootstrap.min.js.map
Not Found: /static/js/vendor/bootstrap.min.js.map
Not Found: /static/js/popper.min.js.map
Not Found: /favicon.ico
Not Found: /trip/tokyo/
Not Found: /admin/Delete_poster/2
Not Found: /admin/Delete_poster/2
[UID:2887][257484] Child process with pid: 257890 was killed by signal: 15, core dump: 0
Not Found: /robots.txt
Not Found: /trip/pattaya-bangkok/
Not Found: /trip/pattaya-bangkok/
rendered
Posted
rendered
Posted
rendered
rendered
rendered
rendered
rendered
rendered
rendered
rendered
rendered
rendered
rendered
rendered
rendered
rendered
rendered
rendered
rendered
rendered
rendered
Not Found: /snorkeling/
Not Found: /robots.txt
Not Found: /trip/bali/
Not Found: /destination/
Not Found: /wp-content/plugins/astra-addon/addons/woocommerce/assets/js/minified/single-product-ajax-cart.min.js
Not Found: /wp-content/plugins/essential-addons-for-elementor-lite/assets/front-end/css/view/general.min.css
Not Found: /wp-content/plugins/woocommerce/assets/client/blocks/blocks-checkout.js
Not Found: /wp-content/plugins/woocommerce/assets/js/flexslider/jquery.flexslider.min.js
Not Found: /wp-content/plugins/woocommerce/assets/js/frontend/add-to-cart.min.js
Not Found: /wp-content/plugins/woocommerce/assets/js/frontend/woocommerce.min.js
Not Found: /wp-content/plugins/wp-travel-engine/assets/lib/custom-scrollbar/jquery.mCustomScrollbar.concat.min.js
Not Found: /wp-content/plugins/wp-travel-engine/assets/lib/dropzone/dropzone.min.css
Not Found: /wp-content/plugins/wp-travel-engine/assets/lib/nouislider/nouislider.min.css
Not Found: /wp-content/plugins/wp-travel-engine/assets/lib/dropzone/dropzone.min.js
Not Found: /wp-content/plugins/wp-travel-engine/assets/lib/tippy/tippy.js
Not Found: /wp-content/plugins/wp-travel-engine/dist/public/trip-search/index.js
Not Found: /wp-content/plugins/wp-travel-engine/dist/public/wte-public.css
Not Found: /wp-content/plugins/xpro-elementor-addons/assets/css/xpro-responsive.css
Not Found: /wp-content/plugins/xpro-elementor-addons/assets/css/xpro-woo-widgets.css
Not Found: /wp-content/plugins/xpro-elementor-addons/assets/css/xpro-widgets.css
Not Found: /wp-content/plugins/xpro-elementor-addons/assets/js/xpro-widgets.js
Not Found: /wp-content/plugins/xpro-elementor-addons/modules/swatches/assets/js/frontend.js
Not Found: /wp-content/plugins/xpro-elementor-addons/modules/swatches/assets/css/frontend.css
Not Found: /wp-content/plugins/xpro-elementor-addons/modules/swatches/loop-product-support/assets/swatches.js
Not Found: /wp-content/themes/astra/assets/css/minified/compatibility/woocommerce/woocommerce-grid.min.css
Not Found: /wp-content/themes/astra/assets/js/minified/add-to-cart-quantity-btn.min.js
Not Found: /wp-content/themes/astra/assets/css/minified/main.min.css
Not Found: /wp-content/uploads/astra-addon/astra-addon-660cc729bc33f9-13569666.css
Not Found: /wp-includes/js/dist/compose.min.js
Not Found: /wp-includes/js/dist/data-controls.min.js
Not Found: /wp-includes/js/dist/dom.min.js
Not Found: /wp-includes/js/dist/element.min.js
Not Found: /wp-includes/js/dist/escape-html.min.js
Not Found: /wp-includes/js/dist/i18n.min.js
Not Found: /wp-content/plugins/astra-addon/addons/nav-menu/assets/css/minified/magamenu-frontend.min.css
Not Found: /wp-content/plugins/elementor/assets/css/frontend-lite.min.css
Not Found: /wp-content/plugins/essential-addons-for-elementor-lite/assets/front-end/js/view/general.min.js
Not Found: /wp-content/plugins/woocommerce/assets/client/blocks/blocks-components.js
Not Found: /wp-content/plugins/woocommerce/assets/client/blocks/wc-blocks-middleware.js
Not Found: /wp-content/plugins/woocommerce/assets/client/blocks/wc-blocks.css
Not Found: /wp-content/plugins/woocommerce/assets/client/blocks/wc-settings.js
Not Found: /wp-content/plugins/woocommerce/assets/js/frontend/order-attribution-blocks.min.js
Not Found: /wp-content/plugins/woocommerce/assets/js/js-cookie/js.cookie.min.js
Not Found: /wp-content/plugins/wp-travel-engine/assets/lib/tippy/popper.js
Not Found: /wp-content/plugins/xpro-elementor-addons/assets/vendor/js/owl.carousel.min.js
Not Found: /wp-content/themes/astra/assets/css/minified/compatibility/woocommerce/woocommerce-smallscreen-grid.min.css
Not Found: /wp-includes/js/dist/a11y.min.js
Not Found: /wp-includes/css/dist/block-library/style.min.css
Not Found: /wp-includes/js/dist/api-fetch.min.js
Not Found: /wp-includes/js/dist/deprecated.min.js
Not Found: /robots.txt
Not Found: /wp-includes/js/dist/dom-ready.min.js
Not Found: /wp-includes/js/dist/hooks.min.js
Not Found: /wp-includes/js/dist/is-shallow-equal.min.js
Not Found: /wp-includes/js/dist/primitives.min.js
Not Found: /wp-includes/js/dist/vendor/lodash.min.js
Not Found: /wp-includes/js/dist/vendor/react-dom.min.js
Not Found: /wp-includes/js/dist/warning.min.js
Not Found: /wp-includes/js/jquery/jquery.min.js
Not Found: /wp-content/plugins/astra-pro-sites/inc/lib/onboarding/assets/dist/template-preview/main.js
Not Found: /wp-content/plugins/elementor/assets/lib/font-awesome/css/all.min.css
Not Found: /wp-content/plugins/woocommerce/assets/client/blocks/wc-blocks-data.js
Not Found: /wp-content/plugins/woocommerce/assets/client/blocks/wc-blocks-registry.js
Not Found: /wp-content/plugins/woocommerce/assets/js/frontend/order-attribution.min.js
Not Found: /wp-content/plugins/woocommerce/assets/js/jquery-blockui/jquery.blockUI.min.js
Not Found: /wp-content/plugins/woocommerce/assets/js/sourcebuster/sourcebuster.min.js
Not Found: /wp-content/plugins/wp-travel-engine/dist/public/wte-public.js
Not Found: /wp-content/plugins/xpro-elementor-addons/assets/css/xpro-icons.min.css
Not Found: /wp-content/plugins/xpro-elementor-addons/assets/vendor/css/owl.carousel.min.css
Not Found: /wp-content/themes/astra/assets/css/minified/compatibility/woocommerce/woocommerce-layout-grid.min.css
Not Found: /wp-content/themes/astra/assets/js/minified/frontend.min.js
Not Found: /wp-content/uploads/astra-addon/astra-addon-660cc729c05c54-33484606.js
Not Found: /wp-includes/js/dist/data.min.js
Not Found: /wp-includes/js/dist/html-entities.min.js
Not Found: /wp-includes/js/dist/keycodes.min.js
Not Found: /wp-includes/js/dist/vendor/regenerator-runtime.min.js
Not Found: /wp-includes/js/dist/vendor/wp-polyfill-inert.min.js
Not Found: /wp-includes/js/jquery/jquery-migrate.min.js
Not Found: /wp-includes/js/jquery/ui/core.min.js
Not Found: /wp-includes/js/jquery/ui/slider.min.js
Not Found: /wp-includes/js/wp-emoji-release.min.js
Not Found: /wp-includes/js/dist/notices.min.js
Not Found: /wp-includes/js/dist/private-apis.min.js
Not Found: /wp-includes/js/dist/priority-queue.min.js
Not Found: /wp-includes/js/dist/url.min.js
Not Found: /wp-includes/js/dist/redux-routine.min.js
Not Found: /wp-includes/js/dist/vendor/react.min.js
Not Found: /wp-includes/js/dist/vendor/wp-polyfill.min.js
Not Found: /wp-includes/js/jquery/ui/mouse.min.js
Not Found: /trip-types/
Not Found: /destinations/azerbaijan/
Not Found: /trip-types/
Not Found: /wp-content/uploads/2023/07/face-stars.png
Not Found: /wp-content/uploads/2023/07/good-face.png
Not Found: /wp-content/uploads/2023/07/face-stars.png
Not Found: /wp-content/uploads/2023/07/good-face.png
Not Found: /wp-content/uploads/2023/07/good-face.png
Not Found: /wp-content/uploads/2023/07/face-stars.png
Not Found: /destinations/azerbaijan/
Not Found: /trip/dubai/
Not Found: /shop/
Not Found: /trip/bangkok-phuket-krabi/
Not Found: /tsk-19oct/
Not Found: /robots.txt
Not Found: /destinations/indonesia/
Not Found: /trip/bangkok-phuket-krabi/
Not Found: /trip/
Not Found: /tsk-19oct/
Not Found: /robots.txt
Not Found: /destination/
Not Found: /favicon.ico
Not Found: /trip/hongkong/
Not Found: /tigerpark/
Not Found: /robots.txt
Not Found: /destinations/singapore/
Not Found: /robots.txt
Not Found: /wp-content/uploads/2023/05/200924183413-dubai-9-1-990x490.jpg
Not Found: /trip/maldives-private-resorts/
Not Found: /destinations/thailand/
Not Found: /wp-json/wp/v2/destination/20
Not Found: /2023/07/09/1096/
Not Found: /trip_types-sitemap.xml
Not Found: /robots.txt
Not Found: /activities/holiday-package/
Not Found: /trip/dubai/
Not Found: /.well-known/traffic-advice
Not Found: /travellers-information/
Not Found: /robots.txt
rendered
Not Found: /wp-content/uploads/2023/07/good-face.png
Not Found: /wp-content/uploads/2023/07/Poor-Face.png
Not Found: /wp-content/uploads/2023/07/average-face.png
Not Found: /wp-content/uploads/2023/07/face-stars.png
Not Found: /robots.txt
Not Found: /package/blog-home.html
Not Found: /trip/bali/
Not Found: /destinations/thailand/
Not Found: /wp-json
Not Found: /wp-json
Forbidden (Referer checking failed - no Referer.): /
Not Found: /wp-admin/admin-ajax.php
Forbidden (Referer checking failed - no Referer.): /
Not Found: /wp-json/litespeed/v1/cdn_status
Not Found: /wp-json/litespeed/v1/cdn_status
Not Found: /wp-json
Not Found: /robots.txt
Not Found: /activities/
Not Found: /.well-known/traffic-advice
Not Found: /robots.txt
Not Found: /robots.txt
Not Found: /robots.txt
Not Found: /wp-comments-post.php
Not Found: /wp-content/uploads/2023/07/good-face.png
Not Found: /wp-content/uploads/2023/07/average-face.png
Not Found: /wp-content/uploads/2023/07/face-stars.png
Not Found: /trip-types/holiday-package/feed/
Not Found: /wp-content/uploads/2023/07/average-face.png
Not Found: /wp-content/uploads/2023/07/Poor-Face.png
Not Found: /wp-content/uploads/2023/07/good-face.png
Not Found: /wp-content/uploads/2023/07/face-stars.png
Not Found: /destination/
User logged in successfully as admin
rendered
rendered
rendered
rendered
Not Found: /wp-content/uploads/2023/05/thai-sin-kul-1024x683.png
rendered
rendered
rendered
rendered
Not Found: /tigerpark/
Not Found: /trip/maldives-3star-hotel/
OSError: LSAPI: Socket read/write error
Not Found: /.well-known/traffic-advice
Not Found: /trip/dubai-5star/
Not Found: /destinations/dubai/
Not Found: /holiday-packages/
Not Found: /robots.txt
Not Found: /destinations/thailand/
Not Found: /wp-content/uploads/2023/08/merlion-1.png
Not Found: /wp-content/uploads/2023/08/merlion-1.png
Not Found: /wp-content/uploads/2023/08/merlion-1.png
Not Found: /trip/baku-4star/
Not Found: /trip-search-result/
Not Found: /trip/
Not Found: /trip/maldives-3star-hotel/
Not Found: /trip-search-result/
Not Found: /trip/singapore-malaysia/
Not Found: /robots.txt
Not Found: /desertsafari/
Not Found: /robots.txt
Not Found: /package/index.html
Not Found: /activities/holiday-package/
Not Found: /activities/holiday-package/
Not Found: /favicon.ico
Not Found: /robots.txt
Not Found: /trip-types/
Not Found: /trip/tokyo/
Not Found: /robots.txt
Not Found: /activities/holiday-package/
Not Found: /trip/dubai/
Not Found: /favicon.ico
Not Found: /robots.txt
Not Found: /tigerpark/
Not Found: /robots.txt
Not Found: /wp-content/uploads/2022/10/bg-006.png
[UID:2887][2384824] Child process with pid: 2384868 was killed by signal: 15, core dump: 0
[UID:2887][2384824] Child process with pid: 2384872 was killed by signal: 15, core dump: 0
Not Found: /favicon.ico
OSError: LSAPI: Socket read/write error
Not Found: /wp-content/uploads/2023/07/face-stars.png
Not Found: /wp-content/uploads/2023/07/good-face.png
Not Found: /wp-content/uploads/2023/07/average-face.png
Not Found: /wp-content/uploads/2023/07/Poor-Face.png
Not Found: /wp-json/wp/v2/trip/961
rendered
Internal Server Error: /admin/package/viewInclusion/3/
Internal Server Error: /admin/package/viewInclusion/3/
Internal Server Error: /admin/package/viewExclusion/3/
Internal Server Error: /admin/package/viewInclusion/3/
Internal Server Error: /admin/package/viewInclusion/3/
Internal Server Error: /admin/package/viewInclusion/3/
Internal Server Error: /admin/package/viewExclusion/3/
Not Found: /static/js/vendor/bootstrap.min.js.map
Not Found: /static/js/popper.min.js.map
rendered
rendered
rendered
rendered
rendered
Posted
rendered
rendered
rendered
rendered
rendered
rendered
rendered
rendered
rendered
rendered
Posted
rendered
rendered
rendered
rendered
rendered
rendered
rendered
rendered
rendered
rendered
rendered
rendered
rendered
rendered
rendered
rendered
rendered
rendered
Posted
rendered
rendered
rendered
rendered
rendered
rendered
rendered
rendered
rendered
rendered
rendered
rendered
rendered
rendered
rendered
rendered
rendered
rendered
rendered
Posted
rendered
rendered
rendered
rendered
rendered
rendered
rendered
rendered
rendered
rendered
rendered
rendered
rendered
rendered
rendered
rendered
rendered
rendered
rendered
rendered
rendered
rendered
rendered
rendered
rendered
rendered
rendered
rendered
rendered
rendered
rendered
Not Found: /robots.txt
Not Found: /robots.txt
Internal Server Error: /admin/package/viewExclusion/1/
Not Found: /favicon.ico
Internal Server Error: /admin/package/viewInclusion/1/
User logged in successfully as admin
rendered
rendered
Internal Server Error: /admin/add_Poster/
Traceback (most recent call last):
  File "/home/quadtech/virtualenv/flightmandu.com.np/3.7/lib/python3.7/site-packages/django/core/handlers/exception.py", line 47, in inner
    response = get_response(request)
  File "/home/quadtech/virtualenv/flightmandu.com.np/3.7/lib/python3.7/site-packages/django/core/handlers/base.py", line 181, in _get_response
    response = wrapped_callback(request, *callback_args, **callback_kwargs)
  File "/home/quadtech/virtualenv/flightmandu.com.np/3.7/lib/python3.7/site-packages/django/utils/decorators.py", line 130, in _wrapped_view
    response = view_func(request, *args, **kwargs)
  File "/home/quadtech/virtualenv/flightmandu.com.np/3.7/lib/python3.7/site-packages/django/contrib/auth/decorators.py", line 21, in _wrapped_view
    return view_func(request, *args, **kwargs)
  File "/home/quadtech/flightmandu.com.np/travel_app1/views.py", line 1246, in admin_addPoster
    poster = deals_event(deal_title=deal_title, deal_poster=deal_poster, url = url)
  File "/home/quadtech/virtualenv/flightmandu.com.np/3.7/lib/python3.7/site-packages/django/db/models/base.py", line 503, in __init__
    raise TypeError("%s() got an unexpected keyword argument '%s'" % (cls.__name__, kwarg))
TypeError: deals_event() got an unexpected keyword argument 'url'
Internal Server Error: /admin/add_Poster/
Traceback (most recent call last):
  File "/home/quadtech/virtualenv/flightmandu.com.np/3.7/lib/python3.7/site-packages/django/core/handlers/exception.py", line 47, in inner
    response = get_response(request)
  File "/home/quadtech/virtualenv/flightmandu.com.np/3.7/lib/python3.7/site-packages/django/core/handlers/base.py", line 181, in _get_response
    response = wrapped_callback(request, *callback_args, **callback_kwargs)
  File "/home/quadtech/virtualenv/flightmandu.com.np/3.7/lib/python3.7/site-packages/django/utils/decorators.py", line 130, in _wrapped_view
    response = view_func(request, *args, **kwargs)
  File "/home/quadtech/virtualenv/flightmandu.com.np/3.7/lib/python3.7/site-packages/django/contrib/auth/decorators.py", line 21, in _wrapped_view
    return view_func(request, *args, **kwargs)
  File "/home/quadtech/flightmandu.com.np/travel_app1/views.py", line 1246, in admin_addPoster
    poster = deals_event(deal_title=deal_title, deal_poster=deal_poster, url = url)
  File "/home/quadtech/virtualenv/flightmandu.com.np/3.7/lib/python3.7/site-packages/django/db/models/base.py", line 503, in __init__
    raise TypeError("%s() got an unexpected keyword argument '%s'" % (cls.__name__, kwarg))
TypeError: deals_event() got an unexpected keyword argument 'url'
Internal Server Error: /admin/add_Poster/
Traceback (most recent call last):
  File "/home/quadtech/virtualenv/flightmandu.com.np/3.7/lib/python3.7/site-packages/django/core/handlers/exception.py", line 47, in inner
    response = get_response(request)
  File "/home/quadtech/virtualenv/flightmandu.com.np/3.7/lib/python3.7/site-packages/django/core/handlers/base.py", line 181, in _get_response
    response = wrapped_callback(request, *callback_args, **callback_kwargs)
  File "/home/quadtech/virtualenv/flightmandu.com.np/3.7/lib/python3.7/site-packages/django/utils/decorators.py", line 130, in _wrapped_view
    response = view_func(request, *args, **kwargs)
  File "/home/quadtech/virtualenv/flightmandu.com.np/3.7/lib/python3.7/site-packages/django/contrib/auth/decorators.py", line 21, in _wrapped_view
    return view_func(request, *args, **kwargs)
  File "/home/quadtech/flightmandu.com.np/travel_app1/views.py", line 1246, in admin_addPoster
    poster = deals_event(deal_title=deal_title, deal_poster=deal_poster, url = url)
  File "/home/quadtech/virtualenv/flightmandu.com.np/3.7/lib/python3.7/site-packages/django/db/models/base.py", line 503, in __init__
    raise TypeError("%s() got an unexpected keyword argument '%s'" % (cls.__name__, kwarg))
TypeError: deals_event() got an unexpected keyword argument 'url'
Internal Server Error: /admin/add_Poster/
Traceback (most recent call last):
  File "/home/quadtech/virtualenv/flightmandu.com.np/3.7/lib/python3.7/site-packages/django/core/handlers/exception.py", line 47, in inner
    response = get_response(request)
  File "/home/quadtech/virtualenv/flightmandu.com.np/3.7/lib/python3.7/site-packages/django/core/handlers/base.py", line 181, in _get_response
    response = wrapped_callback(request, *callback_args, **callback_kwargs)
  File "/home/quadtech/virtualenv/flightmandu.com.np/3.7/lib/python3.7/site-packages/django/utils/decorators.py", line 130, in _wrapped_view
    response = view_func(request, *args, **kwargs)
  File "/home/quadtech/virtualenv/flightmandu.com.np/3.7/lib/python3.7/site-packages/django/contrib/auth/decorators.py", line 21, in _wrapped_view
    return view_func(request, *args, **kwargs)
  File "/home/quadtech/flightmandu.com.np/travel_app1/views.py", line 1246, in admin_addPoster
    poster = deals_event(deal_title=deal_title, deal_poster=deal_poster, url = url)
  File "/home/quadtech/virtualenv/flightmandu.com.np/3.7/lib/python3.7/site-packages/django/db/models/base.py", line 503, in __init__
    raise TypeError("%s() got an unexpected keyword argument '%s'" % (cls.__name__, kwarg))
TypeError: deals_event() got an unexpected keyword argument 'url'
[UID:2887][3189897] Child process with pid: 3189949 was killed by signal: 15, core dump: 0
[UID:2887][3189897] Child process with pid: 3189952 was killed by signal: 15, core dump: 0
OSError: LSAPI: Socket read/write error
Internal Server Error: /admin/poster/12
Traceback (most recent call last):
  File "/home/quadtech/virtualenv/flightmandu.com.np/3.7/lib/python3.7/site-packages/django/db/backends/utils.py", line 84, in _execute
    return self.cursor.execute(sql, params)
  File "/home/quadtech/virtualenv/flightmandu.com.np/3.7/lib/python3.7/site-packages/django/db/backends/sqlite3/base.py", line 423, in execute
    return Database.Cursor.execute(self, query, params)
sqlite3.OperationalError: no such column: travel_app1_deals_event.url

The above exception was the direct cause of the following exception:

Traceback (most recent call last):
  File "/home/quadtech/virtualenv/flightmandu.com.np/3.7/lib/python3.7/site-packages/django/core/handlers/exception.py", line 47, in inner
    response = get_response(request)
  File "/home/quadtech/virtualenv/flightmandu.com.np/3.7/lib/python3.7/site-packages/django/core/handlers/base.py", line 181, in _get_response
    response = wrapped_callback(request, *callback_args, **callback_kwargs)
  File "/home/quadtech/virtualenv/flightmandu.com.np/3.7/lib/python3.7/site-packages/django/utils/decorators.py", line 130, in _wrapped_view
    response = view_func(request, *args, **kwargs)
  File "/home/quadtech/virtualenv/flightmandu.com.np/3.7/lib/python3.7/site-packages/django/contrib/auth/decorators.py", line 21, in _wrapped_view
    return view_func(request, *args, **kwargs)
  File "/home/quadtech/flightmandu.com.np/travel_app1/views.py", line 1214, in admin_viewPoster
    poster = deals_event.objects.get(pk=pk)
  File "/home/quadtech/virtualenv/flightmandu.com.np/3.7/lib/python3.7/site-packages/django/db/models/manager.py", line 85, in manager_method
    return getattr(self.get_queryset(), name)(*args, **kwargs)
  File "/home/quadtech/virtualenv/flightmandu.com.np/3.7/lib/python3.7/site-packages/django/db/models/query.py", line 431, in get
    num = len(clone)
  File "/home/quadtech/virtualenv/flightmandu.com.np/3.7/lib/python3.7/site-packages/django/db/models/query.py", line 262, in __len__
    self._fetch_all()
  File "/home/quadtech/virtualenv/flightmandu.com.np/3.7/lib/python3.7/site-packages/django/db/models/query.py", line 1324, in _fetch_all
    self._result_cache = list(self._iterable_class(self))
  File "/home/quadtech/virtualenv/flightmandu.com.np/3.7/lib/python3.7/site-packages/django/db/models/query.py", line 51, in __iter__
    results = compiler.execute_sql(chunked_fetch=self.chunked_fetch, chunk_size=self.chunk_size)
  File "/home/quadtech/virtualenv/flightmandu.com.np/3.7/lib/python3.7/site-packages/django/db/models/sql/compiler.py", line 1175, in execute_sql
    cursor.execute(sql, params)
  File "/home/quadtech/virtualenv/flightmandu.com.np/3.7/lib/python3.7/site-packages/django/db/backends/utils.py", line 98, in execute
    return super().execute(sql, params)
  File "/home/quadtech/virtualenv/flightmandu.com.np/3.7/lib/python3.7/site-packages/django/db/backends/utils.py", line 66, in execute
    return self._execute_with_wrappers(sql, params, many=False, executor=self._execute)
  File "/home/quadtech/virtualenv/flightmandu.com.np/3.7/lib/python3.7/site-packages/django/db/backends/utils.py", line 75, in _execute_with_wrappers
    return executor(sql, params, many, context)
  File "/home/quadtech/virtualenv/flightmandu.com.np/3.7/lib/python3.7/site-packages/django/db/backends/utils.py", line 84, in _execute
    return self.cursor.execute(sql, params)
  File "/home/quadtech/virtualenv/flightmandu.com.np/3.7/lib/python3.7/site-packages/django/db/utils.py", line 90, in __exit__
    raise dj_exc_value.with_traceback(traceback) from exc_value
  File "/home/quadtech/virtualenv/flightmandu.com.np/3.7/lib/python3.7/site-packages/django/db/backends/utils.py", line 84, in _execute
    return self.cursor.execute(sql, params)
  File "/home/quadtech/virtualenv/flightmandu.com.np/3.7/lib/python3.7/site-packages/django/db/backends/sqlite3/base.py", line 423, in execute
    return Database.Cursor.execute(self, query, params)
django.db.utils.OperationalError: no such column: travel_app1_deals_event.url
OSError: LSAPI: Socket read/write error
Internal Server Error: /admin/add_Poster/
Traceback (most recent call last):
  File "/home/quadtech/virtualenv/flightmandu.com.np/3.7/lib/python3.7/site-packages/django/core/handlers/exception.py", line 47, in inner
    response = get_response(request)
  File "/home/quadtech/virtualenv/flightmandu.com.np/3.7/lib/python3.7/site-packages/django/core/handlers/base.py", line 181, in _get_response
    response = wrapped_callback(request, *callback_args, **callback_kwargs)
  File "/home/quadtech/virtualenv/flightmandu.com.np/3.7/lib/python3.7/site-packages/django/utils/decorators.py", line 130, in _wrapped_view
    response = view_func(request, *args, **kwargs)
  File "/home/quadtech/virtualenv/flightmandu.com.np/3.7/lib/python3.7/site-packages/django/contrib/auth/decorators.py", line 21, in _wrapped_view
    return view_func(request, *args, **kwargs)
  File "/home/quadtech/flightmandu.com.np/travel_app1/views.py", line 1245, in admin_addPoster
    poster = deals_event(deal_title=deal_title, deal_poster=deal_poster,deal_url=deal_url)
NameError: name 'deal_url' is not defined
OSError: LSAPI: Socket read/write error
Not Found: /trip/bali/
Internal Server Error: /admin/add_Poster/
Traceback (most recent call last):
  File "/home/quadtech/virtualenv/flightmandu.com.np/3.7/lib/python3.7/site-packages/django/core/handlers/exception.py", line 47, in inner
    response = get_response(request)
  File "/home/quadtech/virtualenv/flightmandu.com.np/3.7/lib/python3.7/site-packages/django/core/handlers/base.py", line 181, in _get_response
    response = wrapped_callback(request, *callback_args, **callback_kwargs)
  File "/home/quadtech/virtualenv/flightmandu.com.np/3.7/lib/python3.7/site-packages/django/utils/decorators.py", line 130, in _wrapped_view
    response = view_func(request, *args, **kwargs)
  File "/home/quadtech/virtualenv/flightmandu.com.np/3.7/lib/python3.7/site-packages/django/contrib/auth/decorators.py", line 21, in _wrapped_view
    return view_func(request, *args, **kwargs)
  File "/home/quadtech/flightmandu.com.np/travel_app1/views.py", line 1245, in admin_addPoster
    poster = deals_event(deal_title=deal_title, deal_poster=deal_poster,deal_url=deal_url)
NameError: name 'deal_url' is not defined
Internal Server Error: /admin/add_Poster/
Traceback (most recent call last):
  File "/home/quadtech/virtualenv/flightmandu.com.np/3.7/lib/python3.7/site-packages/django/core/handlers/exception.py", line 47, in inner
    response = get_response(request)
  File "/home/quadtech/virtualenv/flightmandu.com.np/3.7/lib/python3.7/site-packages/django/core/handlers/base.py", line 181, in _get_response
    response = wrapped_callback(request, *callback_args, **callback_kwargs)
  File "/home/quadtech/virtualenv/flightmandu.com.np/3.7/lib/python3.7/site-packages/django/utils/decorators.py", line 130, in _wrapped_view
    response = view_func(request, *args, **kwargs)
  File "/home/quadtech/virtualenv/flightmandu.com.np/3.7/lib/python3.7/site-packages/django/contrib/auth/decorators.py", line 21, in _wrapped_view
    return view_func(request, *args, **kwargs)
  File "/home/quadtech/flightmandu.com.np/travel_app1/views.py", line 1245, in admin_addPoster
    poster = deals_event(deal_title=deal_title, deal_poster=deal_poster,deal_url=deal_url)
NameError: name 'deal_url' is not defined
Internal Server Error: /admin/add_Poster/
Traceback (most recent call last):
  File "/home/quadtech/virtualenv/flightmandu.com.np/3.7/lib/python3.7/site-packages/django/core/handlers/exception.py", line 47, in inner
    response = get_response(request)
  File "/home/quadtech/virtualenv/flightmandu.com.np/3.7/lib/python3.7/site-packages/django/core/handlers/base.py", line 181, in _get_response
    response = wrapped_callback(request, *callback_args, **callback_kwargs)
  File "/home/quadtech/virtualenv/flightmandu.com.np/3.7/lib/python3.7/site-packages/django/utils/decorators.py", line 130, in _wrapped_view
    response = view_func(request, *args, **kwargs)
  File "/home/quadtech/virtualenv/flightmandu.com.np/3.7/lib/python3.7/site-packages/django/contrib/auth/decorators.py", line 21, in _wrapped_view
    return view_func(request, *args, **kwargs)
  File "/home/quadtech/flightmandu.com.np/travel_app1/views.py", line 1245, in admin_addPoster
    poster = deals_event(deal_title=deal_title, deal_poster=deal_poster,deal_url=deal_url)
NameError: name 'deal_url' is not defined
Internal Server Error: /admin/add_Poster/
Traceback (most recent call last):
  File "/home/quadtech/virtualenv/flightmandu.com.np/3.7/lib/python3.7/site-packages/django/core/handlers/exception.py", line 47, in inner
    response = get_response(request)
  File "/home/quadtech/virtualenv/flightmandu.com.np/3.7/lib/python3.7/site-packages/django/core/handlers/base.py", line 181, in _get_response
    response = wrapped_callback(request, *callback_args, **callback_kwargs)
  File "/home/quadtech/virtualenv/flightmandu.com.np/3.7/lib/python3.7/site-packages/django/utils/decorators.py", line 130, in _wrapped_view
    response = view_func(request, *args, **kwargs)
  File "/home/quadtech/virtualenv/flightmandu.com.np/3.7/lib/python3.7/site-packages/django/contrib/auth/decorators.py", line 21, in _wrapped_view
    return view_func(request, *args, **kwargs)
  File "/home/quadtech/flightmandu.com.np/travel_app1/views.py", line 1245, in admin_addPoster
    poster = deals_event(deal_title=deal_title, deal_poster=deal_poster,deal_url=deal_url)
NameError: name 'deal_url' is not defined
Internal Server Error: /superadmin/travel_app1/deals_event/16/change/
Traceback (most recent call last):
  File "/home/quadtech/virtualenv/flightmandu.com.np/3.7/lib/python3.7/site-packages/django/db/backends/base/base.py", line 242, in _commit
    return self.connection.commit()
sqlite3.IntegrityError: FOREIGN KEY constraint failed

The above exception was the direct cause of the following exception:

Traceback (most recent call last):
  File "/home/quadtech/virtualenv/flightmandu.com.np/3.7/lib/python3.7/site-packages/django/core/handlers/exception.py", line 47, in inner
    response = get_response(request)
  File "/home/quadtech/virtualenv/flightmandu.com.np/3.7/lib/python3.7/site-packages/django/core/handlers/base.py", line 181, in _get_response
    response = wrapped_callback(request, *callback_args, **callback_kwargs)
  File "/home/quadtech/virtualenv/flightmandu.com.np/3.7/lib/python3.7/site-packages/django/contrib/admin/options.py", line 616, in wrapper
    return self.admin_site.admin_view(view)(*args, **kwargs)
  File "/home/quadtech/virtualenv/flightmandu.com.np/3.7/lib/python3.7/site-packages/django/utils/decorators.py", line 130, in _wrapped_view
    response = view_func(request, *args, **kwargs)
  File "/home/quadtech/virtualenv/flightmandu.com.np/3.7/lib/python3.7/site-packages/django/views/decorators/cache.py", line 44, in _wrapped_view_func
    response = view_func(request, *args, **kwargs)
  File "/home/quadtech/virtualenv/flightmandu.com.np/3.7/lib/python3.7/site-packages/django/contrib/admin/sites.py", line 232, in inner
    return view(request, *args, **kwargs)
  File "/home/quadtech/virtualenv/flightmandu.com.np/3.7/lib/python3.7/site-packages/django/contrib/admin/options.py", line 1660, in change_view
    return self.changeform_view(request, object_id, form_url, extra_context)
  File "/home/quadtech/virtualenv/flightmandu.com.np/3.7/lib/python3.7/site-packages/django/utils/decorators.py", line 43, in _wrapper
    return bound_method(*args, **kwargs)
  File "/home/quadtech/virtualenv/flightmandu.com.np/3.7/lib/python3.7/site-packages/django/utils/decorators.py", line 130, in _wrapped_view
    response = view_func(request, *args, **kwargs)
  File "/home/quadtech/virtualenv/flightmandu.com.np/3.7/lib/python3.7/site-packages/django/contrib/admin/options.py", line 1540, in changeform_view
    return self._changeform_view(request, object_id, form_url, extra_context)
  File "/home/quadtech/virtualenv/flightmandu.com.np/3.7/lib/python3.7/site-packages/django/db/transaction.py", line 246, in __exit__
    connection.commit()
  File "/home/quadtech/virtualenv/flightmandu.com.np/3.7/lib/python3.7/site-packages/django/utils/asyncio.py", line 33, in inner
    return func(*args, **kwargs)
  File "/home/quadtech/virtualenv/flightmandu.com.np/3.7/lib/python3.7/site-packages/django/db/backends/base/base.py", line 266, in commit
    self._commit()
  File "/home/quadtech/virtualenv/flightmandu.com.np/3.7/lib/python3.7/site-packages/django/db/backends/base/base.py", line 242, in _commit
    return self.connection.commit()
  File "/home/quadtech/virtualenv/flightmandu.com.np/3.7/lib/python3.7/site-packages/django/db/utils.py", line 90, in __exit__
    raise dj_exc_value.with_traceback(traceback) from exc_value
  File "/home/quadtech/virtualenv/flightmandu.com.np/3.7/lib/python3.7/site-packages/django/db/backends/base/base.py", line 242, in _commit
    return self.connection.commit()
django.db.utils.IntegrityError: FOREIGN KEY constraint failed
Internal Server Error: /superadmin/travel_app1/inclusion/7/change/
Traceback (most recent call last):
  File "/home/quadtech/virtualenv/flightmandu.com.np/3.7/lib/python3.7/site-packages/django/db/backends/base/base.py", line 242, in _commit
    return self.connection.commit()
sqlite3.IntegrityError: FOREIGN KEY constraint failed

The above exception was the direct cause of the following exception:

Traceback (most recent call last):
  File "/home/quadtech/virtualenv/flightmandu.com.np/3.7/lib/python3.7/site-packages/django/core/handlers/exception.py", line 47, in inner
    response = get_response(request)
  File "/home/quadtech/virtualenv/flightmandu.com.np/3.7/lib/python3.7/site-packages/django/core/handlers/base.py", line 181, in _get_response
    response = wrapped_callback(request, *callback_args, **callback_kwargs)
  File "/home/quadtech/virtualenv/flightmandu.com.np/3.7/lib/python3.7/site-packages/django/contrib/admin/options.py", line 616, in wrapper
    return self.admin_site.admin_view(view)(*args, **kwargs)
  File "/home/quadtech/virtualenv/flightmandu.com.np/3.7/lib/python3.7/site-packages/django/utils/decorators.py", line 130, in _wrapped_view
    response = view_func(request, *args, **kwargs)
  File "/home/quadtech/virtualenv/flightmandu.com.np/3.7/lib/python3.7/site-packages/django/views/decorators/cache.py", line 44, in _wrapped_view_func
    response = view_func(request, *args, **kwargs)
  File "/home/quadtech/virtualenv/flightmandu.com.np/3.7/lib/python3.7/site-packages/django/contrib/admin/sites.py", line 232, in inner
    return view(request, *args, **kwargs)
  File "/home/quadtech/virtualenv/flightmandu.com.np/3.7/lib/python3.7/site-packages/django/contrib/admin/options.py", line 1660, in change_view
    return self.changeform_view(request, object_id, form_url, extra_context)
  File "/home/quadtech/virtualenv/flightmandu.com.np/3.7/lib/python3.7/site-packages/django/utils/decorators.py", line 43, in _wrapper
    return bound_method(*args, **kwargs)
  File "/home/quadtech/virtualenv/flightmandu.com.np/3.7/lib/python3.7/site-packages/django/utils/decorators.py", line 130, in _wrapped_view
    response = view_func(request, *args, **kwargs)
  File "/home/quadtech/virtualenv/flightmandu.com.np/3.7/lib/python3.7/site-packages/django/contrib/admin/options.py", line 1540, in changeform_view
    return self._changeform_view(request, object_id, form_url, extra_context)
  File "/home/quadtech/virtualenv/flightmandu.com.np/3.7/lib/python3.7/site-packages/django/db/transaction.py", line 246, in __exit__
    connection.commit()
  File "/home/quadtech/virtualenv/flightmandu.com.np/3.7/lib/python3.7/site-packages/django/utils/asyncio.py", line 33, in inner
    return func(*args, **kwargs)
  File "/home/quadtech/virtualenv/flightmandu.com.np/3.7/lib/python3.7/site-packages/django/db/backends/base/base.py", line 266, in commit
    self._commit()
  File "/home/quadtech/virtualenv/flightmandu.com.np/3.7/lib/python3.7/site-packages/django/db/backends/base/base.py", line 242, in _commit
    return self.connection.commit()
  File "/home/quadtech/virtualenv/flightmandu.com.np/3.7/lib/python3.7/site-packages/django/db/utils.py", line 90, in __exit__
    raise dj_exc_value.with_traceback(traceback) from exc_value
  File "/home/quadtech/virtualenv/flightmandu.com.np/3.7/lib/python3.7/site-packages/django/db/backends/base/base.py", line 242, in _commit
    return self.connection.commit()
django.db.utils.IntegrityError: FOREIGN KEY constraint failed
Not Found: /trip/thailand-singapore-malaysia-8n-9d/
Not Found: /favicon.ico
User logged in successfully as admin
OSError: LSAPI: Socket read/write error
Not Found: /None
Not Found: /favicon.ico
Not Found: /destination/
Not Found: /robots.txt
Not Found: /trip-types/
Not Found: /favicon.ico
rendered
rendered
rendered
rendered
rendered
rendered
rendered
Posted
rendered
rendered
rendered
rendered
rendered
rendered
rendered
rendered
rendered
rendered
rendered
rendered
rendered
rendered
rendered
rendered
rendered
rendered
rendered
rendered
rendered
Posted
rendered
Not Found: /robots.txt
Not Found: /wp-content/uploads/2023/07/good-face.png
Not Found: /wp-content/uploads/2023/07/average-face.png
Not Found: /wp-content/uploads/2023/07/Poor-Face.png
Not Found: /wp-content/uploads/2023/07/face-stars.png
Not Found: /wp-content/uploads/2023/07/good-face.png
Not Found: /wp-content/uploads/2023/07/average-face.png
Not Found: /wp-content/uploads/2023/07/Poor-Face.png
Not Found: /wp-content/uploads/2023/07/face-stars.png
Not Found: /wp-content/uploads/2023/07/good-face.png
Not Found: /wp-content/uploads/2023/07/average-face.png
Not Found: /trip/dubai/
Not Found: /wp-content/plugins/elementor/assets/lib/font-awesome/css/all.min.css
Not Found: /wp-content/plugins/essential-addons-for-elementor-lite/assets/front-end/css/view/general.min.css
Not Found: /wp-content/plugins/wp-travel-engine/dist/public/wte-public.js
Not Found: /wp-content/plugins/xpro-elementor-addons/assets/css/xpro-responsive.css
Not Found: /wp-content/plugins/xpro-elementor-addons/assets/css/xpro-icons.min.css
Not Found: /wp-content/plugins/xpro-elementor-addons/assets/css/xpro-widgets.css
Not Found: /wp-content/plugins/xpro-elementor-addons/assets/js/xpro-widgets.js
Not Found: /wp-content/plugins/xpro-elementor-addons/assets/vendor/css/owl.carousel.min.css
Not Found: /wp-content/themes/astra/assets/css/minified/frontend.min.css
Not Found: /wp-content/uploads/astra-addon/astra-addon-6556d5d0215da9-76425974.js
Not Found: /wp-includes/js/dist/vendor/lodash.min.js
Not Found: /wp-includes/css/dist/block-library/style.min.css
Not Found: /wp-includes/js/dist/vendor/regenerator-runtime.min.js
Not Found: /wp-includes/js/jquery/jquery-migrate.min.js
Not Found: /wp-includes/js/jquery/ui/core.min.js
Not Found: /wp-includes/js/jquery/ui/slider.min.js
Not Found: /wp-includes/js/wp-emoji-release.min.js
Not Found: /wp-content/plugins/astra-addon/addons/nav-menu/assets/css/minified/magamenu-frontend.min.css
Not Found: /wp-content/plugins/essential-addons-for-elementor-lite/assets/front-end/js/view/general.min.js
Not Found: /wp-content/plugins/wp-travel-engine/assets/lib/tippy/popper.js
Not Found: /wp-content/plugins/xpro-elementor-addons/assets/vendor/js/owl.carousel.min.js
Not Found: /wp-content/themes/astra/assets/js/minified/frontend.min.js
Not Found: /wp-content/uploads/elementor/css/custom-frontend-lite.min.css
Not Found: /wp-includes/js/jquery/jquery.min.js
Not Found: /wp-content/plugins/wp-travel-engine/assets/lib/custom-scrollbar/jquery.mCustomScrollbar.concat.min.js
Not Found: /wp-content/plugins/wp-travel-engine/assets/lib/dropzone/dropzone.min.css
Not Found: /wp-content/plugins/wp-travel-engine/assets/lib/dropzone/dropzone.min.js
Not Found: /wp-content/plugins/wp-travel-engine/assets/lib/nouislider/nouislider.min.css
Not Found: /wp-content/plugins/wp-travel-engine/assets/lib/tippy/tippy.js
Not Found: /wp-content/plugins/wp-travel-engine/dist/public/trip-search/index.js
Not Found: /wp-content/plugins/wp-travel-engine/dist/public/wte-public.css
Not Found: /wp-content/uploads/astra-addon/astra-addon-6556d5d01eaa75-77677586.css
Not Found: /wp-includes/js/jquery/ui/mouse.min.js
Not Found: /wp-content/uploads/2023/07/face-stars.png
Not Found: /wp-content/uploads/2023/07/good-face.png
Not Found: /wp-content/uploads/2023/07/Poor-Face.png
Not Found: /wp-content/uploads/2023/07/average-face.png
Not Found: /wp-content/uploads/2023/07/good-face.png
Not Found: /wp-content/uploads/2023/07/face-stars.png
Not Found: /wp-content/uploads/2023/07/average-face.png
Not Found: /wp-content/uploads/2023/07/Poor-Face.png
Not Found: /wp-content/uploads/2023/07/face-stars.png
Not Found: /wp-content/uploads/2023/07/good-face.png
Not Found: /wp-content/uploads/2023/07/average-face.png
Not Found: /wp-content/uploads/2023/07/Poor-Face.png
Not Found: /wp-content/uploads/2023/07/face-stars.png
Not Found: /wp-content/uploads/2023/07/good-face.png
Not Found: /wp-content/uploads/2023/07/average-face.png
Not Found: /wp-content/uploads/2023/07/Poor-Face.png
Not Found: /wp-content/plugins/astra-pro-sites/inc/lib/onboarding/assets/dist/template-preview/main.js
Not Found: /wp-content/plugins/woocommerce/assets/client/blocks/wc-blocks-data.js
Not Found: /wp-content/plugins/woocommerce/assets/client/blocks/wc-blocks-registry.js
Not Found: /wp-content/plugins/woocommerce/assets/js/frontend/order-attribution.min.js
Not Found: /wp-content/plugins/woocommerce/assets/js/jquery-blockui/jquery.blockUI.min.js
Not Found: /wp-content/plugins/woocommerce/assets/js/sourcebuster/sourcebuster.min.js
Not Found: /wp-content/plugins/wp-travel-engine/assets/lib/fancybox/jquery.fancybox.min.css
Not Found: /wp-content/plugins/wp-travel-engine/assets/lib/flatpickr-4.6.9/fpickr.js
Not Found: /wp-content/plugins/wp-travel-engine/assets/lib/parsley-min.js
Not Found: /wp-content/plugins/wp-travel-engine/assets/lib/redux.min.js
Not Found: /wp-content/plugins/wp-travel-engine/dist/blocks/index.css
Not Found: /wp-content/themes/astra/assets/css/minified/compatibility/woocommerce/woocommerce-layout-grid.min.css
Not Found: /wp-content/themes/astra/assets/js/minified/frontend.min.js
Not Found: /wp-content/uploads/astra-addon/astra-addon-660cc729c05c54-33484606.js
Not Found: /wp-includes/js/dist/data.min.js
Not Found: /wp-includes/js/dist/html-entities.min.js
Not Found: /wp-includes/js/dist/keycodes.min.js
Not Found: /wp-includes/js/dist/vendor/wp-polyfill-inert.min.js
Not Found: /wp-includes/js/wp-emoji-release.min.js
Not Found: /wp-content/plugins/astra-addon/addons/woocommerce/assets/js/minified/single-product-ajax-cart.min.js
Not Found: /wp-content/plugins/essential-addons-for-elementor-lite/assets/front-end/css/view/general.min.css
Not Found: /wp-content/plugins/woocommerce/assets/client/blocks/blocks-checkout.js
Not Found: /wp-content/plugins/woocommerce/assets/js/flexslider/jquery.flexslider.min.js
Not Found: /wp-content/plugins/woocommerce/assets/js/frontend/add-to-cart.min.js
Not Found: /wp-content/plugins/woocommerce/assets/js/frontend/woocommerce.min.js
Not Found: /wp-content/plugins/wp-travel-engine/assets/lib/flatpickr-4.6.9/fpickr.css
Not Found: /wp-content/plugins/wp-travel-engine/assets/lib/moment/moment-tz.js
Not Found: /wp-content/plugins/wp-travel-engine/assets/lib/rrule.min.js
Not Found: /wp-content/plugins/wp-travel-engine/assets/lib/tippy/tippy.js
Not Found: /wp-content/plugins/wp-travel-engine/dist/public/wte-public.css
Not Found: /wp-content/plugins/xpro-elementor-addons/assets/css/xpro-responsive.css
Not Found: /wp-content/plugins/xpro-elementor-addons/assets/css/xpro-widgets.css
Not Found: /wp-content/plugins/xpro-elementor-addons/assets/css/xpro-woo-widgets.css
Not Found: /wp-content/plugins/xpro-elementor-addons/assets/js/xpro-widgets.js
Not Found: /wp-content/plugins/xpro-elementor-addons/modules/swatches/assets/css/frontend.css
Not Found: /wp-content/plugins/xpro-elementor-addons/modules/swatches/assets/js/frontend.js
Not Found: /wp-content/plugins/xpro-elementor-addons/modules/swatches/loop-product-support/assets/swatches.js
Not Found: /wp-content/themes/astra/assets/css/minified/compatibility/woocommerce/woocommerce-grid.min.css
Not Found: /wp-content/themes/astra/assets/css/minified/main.min.css
Not Found: /wp-content/themes/astra/assets/js/minified/add-to-cart-quantity-btn.min.js
Not Found: /wp-content/uploads/astra-addon/astra-addon-660cc729bc33f9-13569666.css
Not Found: /wp-includes/js/dist/compose.min.js
Not Found: /wp-includes/js/dist/data-controls.min.js
Not Found: /wp-includes/js/dist/dom.min.js
Not Found: /wp-includes/js/dist/element.min.js
Not Found: /wp-includes/js/dist/escape-html.min.js
Not Found: /wp-includes/js/dist/i18n.min.js
Not Found: /wp-includes/js/dist/notices.min.js
Not Found: /wp-includes/js/dist/private-apis.min.js
Not Found: /wp-includes/js/dist/redux-routine.min.js
Not Found: /wp-includes/js/dist/url.min.js
Not Found: /wp-includes/js/dist/vendor/moment.min.js
Not Found: /wp-includes/js/dist/vendor/react.min.js
Not Found: /wp-includes/js/dist/vendor/wp-polyfill.min.js
Not Found: /wp-content/plugins/astra-addon/addons/nav-menu/assets/css/minified/magamenu-frontend.min.css
Not Found: /wp-content/plugins/elementor/assets/css/frontend-lite.min.css
Not Found: /wp-content/plugins/essential-addons-for-elementor-lite/assets/front-end/js/view/general.min.js
Not Found: /wp-content/plugins/woocommerce/assets/client/blocks/blocks-components.js
Not Found: /wp-content/plugins/woocommerce/assets/client/blocks/wc-blocks-middleware.js
Not Found: /wp-content/plugins/woocommerce/assets/client/blocks/wc-settings.js
Not Found: /wp-content/plugins/woocommerce/assets/client/blocks/wc-blocks.css
Not Found: /wp-content/plugins/woocommerce/assets/js/frontend/order-attribution-blocks.min.js
Not Found: /wp-content/plugins/woocommerce/assets/js/js-cookie/js.cookie.min.js
Not Found: /wp-content/plugins/wp-travel-engine/assets/lib/fancybox/jquery.fancybox.min.js
Not Found: /wp-content/plugins/wp-travel-engine/dist/public/prefetch.js
Not Found: /wp-content/themes/astra/assets/css/minified/compatibility/woocommerce/woocommerce-smallscreen-grid.min.css
Not Found: /wp-includes/css/dist/block-library/style.min.css
Not Found: /wp-includes/js/dist/a11y.min.js
Not Found: /wp-includes/js/dist/api-fetch.min.js
Not Found: /wp-includes/js/dist/deprecated.min.js
Not Found: /wp-includes/js/dist/dom-ready.min.js
Not Found: /wp-includes/js/dist/hooks.min.js
Not Found: /wp-includes/js/dist/is-shallow-equal.min.js
Not Found: /wp-includes/js/dist/primitives.min.js
Not Found: /wp-includes/js/dist/vendor/lodash.min.js
Not Found: /wp-includes/js/dist/vendor/react-dom.min.js
Not Found: /wp-includes/js/dist/warning.min.js
Not Found: /wp-includes/js/underscore.min.js
Not Found: /wp-includes/js/wp-util.min.js
Not Found: /robots.txt
Not Found: /trip-sitemap.xml
Not Found: /wp-content/uploads/2023/07/Poor-Face.png
Not Found: /wp-content/uploads/2023/07/average-face.png
Not Found: /wp-content/uploads/2023/07/good-face.png
Not Found: /wp-content/uploads/2023/07/face-stars.png
Not Found: /wp-content/uploads/2023/07/face-stars.png
Not Found: /wp-content/uploads/2023/07/average-face.png
Not Found: /wp-content/uploads/2023/07/good-face.png
Not Found: /wp-content/uploads/2023/07/Poor-Face.png
Not Found: /wp-content/uploads/2023/07/face-stars.png
Not Found: /wp-content/uploads/2023/07/Poor-Face.png
Not Found: /wp-content/uploads/2023/07/average-face.png
Not Found: /wp-content/uploads/2023/07/good-face.png
Not Found: /wp-content/uploads/2023/07/good-face.png
Not Found: /wp-content/uploads/2023/07/Poor-Face.png
Not Found: /wp-content/uploads/2023/07/average-face.png
Not Found: /wp-content/uploads/2023/07/face-stars.png
Not Found: /wp-content/uploads/2023/07/good-face.png
Not Found: /wp-content/uploads/2023/07/average-face.png
Not Found: /wp-content/uploads/2023/07/face-stars.png
Not Found: /wp-content/uploads/2023/07/Poor-Face.png
Not Found: /wp-content/uploads/2023/07/face-stars.png
Not Found: /wp-content/uploads/2023/07/good-face.png
Not Found: /wp-content/uploads/2023/07/average-face.png
Not Found: /wp-content/uploads/2023/07/Poor-Face.png
Not Found: /wp-content/uploads/2023/07/average-face.png
Not Found: /wp-content/uploads/2023/07/good-face.png
Not Found: /wp-content/uploads/2023/07/face-stars.png
Not Found: /wp-content/uploads/2023/07/Poor-Face.png
Not Found: /wp-content/uploads/2023/07/Poor-Face.png
Not Found: /wp-content/uploads/2023/07/face-stars.png
Not Found: /wp-content/uploads/2023/07/average-face.png
Not Found: /wp-content/uploads/2023/07/good-face.png
Not Found: /wp-content/plugins/woocommerce/assets/client/blocks/blocks-components.js
Not Found: /wp-content/plugins/wp-travel-engine/assets/lib/tippy/popper.js
Not Found: /wp-includes/js/dist/deprecated.min.js
Not Found: /wp-content/themes/astra/assets/js/minified/frontend.min.js
Not Found: /checkout/
Not Found: /sitemap_index.xml
Not Found: /trip_types-sitemap.xml
Not Found: /robots.txt
Not Found: /trip/singapore-malaysia/
Not Found: /destinations/dubai/
Not Found: /wp-content/themes/astra/assets/js/minified/frontend.min.js
Not Found: /wp-content/plugins/woocommerce/assets/client/blocks/blocks-components.js
Not Found: /wp-content/plugins/wp-travel-engine/assets/lib/tippy/popper.js
Not Found: /robots.txt
Not Found: /trip/baku-4star/
Not Found: /wp-content/uploads/2023/07/face-stars.png
Not Found: /wp-content/uploads/2023/07/average-face.png
Not Found: /wp-content/uploads/2023/07/Poor-Face.png
Not Found: /wp-content/uploads/2023/07/good-face.png
Not Found: /wp-content/uploads/2023/07/Poor-Face.png
Not Found: /wp-content/uploads/2023/07/face-stars.png
Not Found: /wp-content/uploads/2023/07/good-face.png
Not Found: /wp-content/uploads/2023/07/average-face.png
Not Found: /wp-content/uploads/2023/07/Poor-Face.png
Not Found: /wp-content/uploads/2023/07/good-face.png
Not Found: /wp-content/uploads/2023/07/face-stars.png
Not Found: /wp-content/uploads/2023/07/average-face.png
Not Found: /wp-content/uploads/2023/07/face-stars.png
Not Found: /wp-content/uploads/2023/07/good-face.png
Not Found: /wp-content/uploads/2023/07/Poor-Face.png
Not Found: /wp-content/uploads/2023/07/average-face.png
Not Found: /wp-content/uploads/2023/07/good-face.png
Not Found: /wp-content/uploads/2023/07/average-face.png
Not Found: /wp-content/uploads/2023/07/Poor-Face.png
Not Found: /wp-content/uploads/2023/07/face-stars.png
Not Found: /wp-content/uploads/2023/07/average-face.png
Not Found: /wp-content/uploads/2023/07/face-stars.png
Not Found: /wp-content/uploads/2023/07/Poor-Face.png
Not Found: /wp-content/uploads/2023/07/good-face.png
Not Found: /wp-content/uploads/2023/07/face-stars.png
Not Found: /wp-content/uploads/2023/07/average-face.png
rendered
Not Found: /wp-content/uploads/2023/12/Flightmandu-white.png
Not Found: /sujeet
Not Found: /favicon.ico
Not Found: /sujeet
Not Found: /favicon.ico
Not Found: /sujeet
Not Found: /favicon.ico
rendered
rendered
rendered
rendered
rendered
rendered
rendered
rendered
rendered
rendered
rendered
rendered
rendered
rendered
rendered
rendered
rendered
rendered
rendered
rendered
Not Found: /wp-content/uploads/2023/04/cropped-Flightmandu-logo-2-100x100.png
Not Found: /wp-content/uploads/2023/04/cropped-Flightmandu-logo-2-300x300.png
Authentication failed
Authentication failed
Authentication failed
Authentication failed
User logged in successfully as admin
Not Found: /feed/
Not Found: /feed/
Not Found: /comments/feed/
Not Found: /comments/feed/
Not Found: /wp-content/uploads/2023/07/average-face.png
Not Found: /wp-content/uploads/2023/07/good-face.png
Not Found: /wp-content/uploads/2023/07/face-stars.png
Not Found: /wp-content/uploads/2023/07/Poor-Face.png
Not Found: /wp-content/uploads/2023/07/Poor-Face.png
Not Found: /wp-content/uploads/2023/07/face-stars.png
Not Found: /wp-content/uploads/2023/07/average-face.png
Not Found: /wp-content/uploads/2023/07/good-face.png
Not Found: /robots.txt
Not Found: /wp-content/uploads/2022/10/bg-006.png
Authentication failed
User logged in successfully as admin
rendered
Posted
Not Found: /wp-content/uploads/2023/07/Poor-Face.png
Not Found: /wp-content/uploads/2023/07/average-face.png
Not Found: /wp-content/uploads/2023/07/good-face.png
Not Found: /wp-content/uploads/2023/07/face-stars.png
User logged in successfully as admin
Not Found: /static/img/ui-icons_555555_256x240.png
Not Found: /wp-content/uploads/2023/07/face-stars.png
Not Found: /wp-content/uploads/2023/07/average-face.png
Not Found: /wp-content/uploads/2023/07/good-face.png
Not Found: /wp-content/uploads/2023/07/Poor-Face.png
[UID:2887][365481] Child process with pid: 482083 was killed by signal: 15, core dump: 0
Not Found: /wp-content/uploads/2023/07/face-stars.png
Not Found: /wp-content/uploads/2023/07/good-face.png
Not Found: /wp-content/uploads/2023/07/average-face.png
Not Found: /wp-content/uploads/2023/07/Poor-Face.png
Not Found: /wp-content/uploads/2023/07/face-stars.png
Not Found: /wp-content/uploads/2023/07/good-face.png
Not Found: /wp-content/uploads/2023/07/average-face.png
Not Found: /wp-content/uploads/2023/07/Poor-Face.png
Not Found: /wp-content/uploads/2023/07/face-stars.png
Not Found: /wp-content/uploads/2023/07/good-face.png
Not Found: /wp-content/uploads/2023/07/average-face.png
Not Found: /wp-content/uploads/2023/07/Poor-Face.png
Not Found: /wp-content/uploads/2023/07/face-stars.png
Not Found: /wp-content/uploads/2023/07/good-face.png
Not Found: /wp-content/uploads/2023/07/average-face.png
Not Found: /wp-content/uploads/2023/07/Poor-Face.png
Not Found: /wp-content/uploads/2023/07/face-stars.png
Not Found: /wp-content/uploads/2023/07/good-face.png
Not Found: /wp-content/uploads/2023/07/average-face.png
Not Found: /wp-content/uploads/2023/07/Poor-Face.png
Not Found: /wp-content/uploads/2023/07/face-stars.png
Not Found: /wp-content/uploads/2023/07/good-face.png
Not Found: /wp-content/uploads/2023/07/average-face.png
Not Found: /wp-content/uploads/2023/07/Poor-Face.png
Not Found: /wp-content/uploads/2023/07/good-face.png
Not Found: /wp-content/uploads/2023/07/face-stars.png
Not Found: /wp-content/uploads/2023/07/average-face.png
Not Found: /wp-content/uploads/2023/07/Poor-Face.png
Not Found: /wp-content/uploads/2023/07/face-stars.png
Not Found: /wp-content/uploads/2023/07/good-face.png
Not Found: /wp-content/uploads/2023/07/average-face.png
Not Found: /wp-content/uploads/2023/07/Poor-Face.png
Not Found: /wp-content/uploads/2023/07/average-face.png
Not Found: /wp-content/uploads/2023/07/good-face.png
Not Found: /wp-content/uploads/2023/07/Poor-Face.png
Not Found: /wp-content/uploads/2023/07/face-stars.png
Not Found: /wp-content/uploads/2023/07/good-face.png
Not Found: /wp-content/uploads/2023/07/average-face.png
Not Found: /wp-content/uploads/2023/07/face-stars.png
Not Found: /wp-content/uploads/2023/07/average-face.png
Not Found: /wp-content/uploads/2023/07/good-face.png
Not Found: /wp-content/uploads/2023/07/Poor-Face.png
Not Found: /wp-content/uploads/2023/07/face-stars.png
Not Found: /wp-content/uploads/2023/07/good-face.png
Not Found: /wp-content/uploads/2023/07/average-face.png
Not Found: /wp-content/uploads/2023/07/face-stars.png
Not Found: /wp-content/uploads/2023/07/good-face.png
Not Found: /wp-content/uploads/2023/07/Poor-Face.png
Not Found: /wp-content/uploads/2023/07/average-face.png
Not Found: /wp-content/uploads/2023/07/good-face.png
Not Found: /wp-content/uploads/2023/07/face-stars.png
Not Found: /wp-content/uploads/2023/07/average-face.png
Not Found: /wp-content/uploads/2023/07/good-face.png
Not Found: /wp-content/uploads/2023/07/Poor-Face.png
Not Found: /wp-content/uploads/2023/07/face-stars.png
Not Found: /wp-content/uploads/2023/07/face-stars.png
Not Found: /wp-content/uploads/2023/07/Poor-Face.png
Not Found: /wp-content/uploads/2023/07/average-face.png
Not Found: /wp-content/uploads/2023/07/good-face.png
Not Found: /wp-content/uploads/2023/07/face-stars.png
Not Found: /wp-content/uploads/2023/07/good-face.png
Not Found: /wp-content/uploads/2023/07/average-face.png
Not Found: /wp-content/uploads/2023/07/Poor-Face.png
Not Found: /wp-content/uploads/2023/07/face-stars.png
Not Found: /wp-content/uploads/2023/07/good-face.png
Not Found: /wp-content/uploads/2023/07/Poor-Face.png
Not Found: /wp-content/uploads/2023/07/average-face.png
Not Found: /wp-content/uploads/2023/07/face-stars.png
Not Found: /wp-content/uploads/2023/07/good-face.png
Not Found: /wp-content/uploads/2023/07/average-face.png
Not Found: /wp-content/uploads/2023/07/Poor-Face.png
OSError: LSAPI: Socket read/write error
[UID:2887][641684] Child process with pid: 641736 was killed by signal: 15, core dump: 0
Not Found: /static/img/ui-icons_555555_256x240.png
Not Found: /robots.txt
Not Found: /wp-content/plugins/astra-addon/addons/nav-menu/assets/css/minified/magamenu-frontend.min.css
Not Found: /wp-content/plugins/elementor/assets/css/frontend-lite.min.css
Not Found: /wp-content/plugins/essential-addons-for-elementor-lite/assets/front-end/js/view/general.min.js
Not Found: /wp-content/plugins/woocommerce/assets/client/blocks/blocks-components.js
Not Found: /wp-content/plugins/woocommerce/assets/client/blocks/wc-blocks-middleware.js
Not Found: /wp-content/plugins/woocommerce/assets/client/blocks/wc-blocks.css
Not Found: /wp-content/plugins/woocommerce/assets/client/blocks/wc-settings.js
Not Found: /wp-content/plugins/woocommerce/assets/js/js-cookie/js.cookie.min.js
Not Found: /wp-content/plugins/wp-travel-engine/assets/lib/tippy/popper.js
Not Found: /wp-content/themes/astra/assets/css/minified/compatibility/woocommerce/woocommerce-smallscreen-grid.min.css
Not Found: /wp-includes/js/dist/api-fetch.min.js
Not Found: /wp-includes/css/dist/block-library/style.min.css
Not Found: /wp-includes/js/dist/dom-ready.min.js
Not Found: /wp-includes/js/dist/hooks.min.js
Not Found: /wp-includes/js/dist/is-shallow-equal.min.js
Not Found: /wp-includes/js/dist/vendor/lodash.min.js
Not Found: /wp-includes/js/dist/warning.min.js
Not Found: /wp-includes/js/jquery/jquery.min.js
Not Found: /wp-content/plugins/astra-pro-sites/inc/lib/onboarding/assets/dist/template-preview/main.js
Not Found: /wp-content/plugins/elementor/assets/lib/font-awesome/css/all.min.css
Not Found: /wp-content/plugins/woocommerce/assets/client/blocks/wc-blocks-registry.js
Not Found: /wp-content/plugins/woocommerce/assets/js/frontend/order-attribution.min.js
Not Found: /wp-content/plugins/woocommerce/assets/js/jquery-blockui/jquery.blockUI.min.js
Not Found: /wp-content/plugins/xpro-elementor-addons/assets/css/xpro-icons.min.css
Not Found: /wp-content/themes/astra/assets/js/minified/frontend.min.js
Not Found: /wp-includes/js/dist/data.min.js
Not Found: /wp-includes/js/dist/html-entities.min.js
Not Found: /wp-includes/js/dist/vendor/wp-polyfill-inert.min.js
Not Found: /wp-includes/js/dist/vendor/regenerator-runtime.min.js
Not Found: /wp-includes/js/jquery/jquery-migrate.min.js
Not Found: /wp-includes/js/jquery/ui/core.min.js
Not Found: /wp-includes/js/jquery/ui/slider.min.js
Not Found: /wp-includes/js/wp-emoji-release.min.js
Not Found: /wp-content/plugins/astra-addon/addons/woocommerce/assets/js/minified/single-product-ajax-cart.min.js
Not Found: /wp-content/plugins/essential-addons-for-elementor-lite/assets/front-end/css/view/general.min.css
Not Found: /wp-content/plugins/woocommerce/assets/client/blocks/blocks-checkout.js
Not Found: /wp-content/plugins/woocommerce/assets/js/flexslider/jquery.flexslider.min.js
Not Found: /wp-content/plugins/woocommerce/assets/js/frontend/add-to-cart.min.js
Not Found: /wp-content/plugins/wp-travel-engine/assets/lib/custom-scrollbar/jquery.mCustomScrollbar.concat.min.js
Not Found: /wp-content/plugins/wp-travel-engine/assets/lib/dropzone/dropzone.min.js
Not Found: /wp-content/plugins/wp-travel-engine/assets/lib/nouislider/nouislider.min.css
Not Found: /wp-content/plugins/wp-travel-engine/assets/lib/dropzone/dropzone.min.css
Not Found: /wp-content/plugins/wp-travel-engine/assets/lib/tippy/tippy.js
Not Found: /wp-content/plugins/wp-travel-engine/dist/public/wte-public.css
Not Found: /wp-content/plugins/wp-travel-engine/dist/public/trip-search/index.js
Not Found: /wp-content/plugins/xpro-elementor-addons/assets/css/xpro-responsive.css
Not Found: /wp-content/plugins/xpro-elementor-addons/assets/js/xpro-widgets.js
Not Found: /wp-content/plugins/xpro-elementor-addons/modules/swatches/assets/css/frontend.css
Not Found: /wp-content/plugins/xpro-elementor-addons/modules/swatches/assets/js/frontend.js
Not Found: /wp-content/plugins/xpro-elementor-addons/modules/swatches/loop-product-support/assets/swatches.js
Not Found: /wp-content/themes/astra/assets/css/minified/compatibility/woocommerce/woocommerce-grid.min.css
Not Found: /wp-content/themes/astra/assets/css/minified/main.min.css
Not Found: /wp-content/themes/astra/assets/js/minified/add-to-cart-quantity-btn.min.js
Not Found: /wp-content/uploads/astra-addon/astra-addon-660cc729bc33f9-13569666.css
Not Found: /wp-includes/js/dist/compose.min.js
Not Found: /wp-includes/js/dist/data-controls.min.js
Not Found: /wp-includes/js/dist/dom.min.js
Not Found: /wp-includes/js/dist/element.min.js
Not Found: /wp-includes/js/dist/escape-html.min.js
Not Found: /wp-includes/js/dist/i18n.min.js
Not Found: /wp-includes/js/dist/notices.min.js
Not Found: /wp-includes/js/dist/redux-routine.min.js
Not Found: /wp-includes/js/jquery/ui/mouse.min.js
Not Found: /wp-includes/js/dist/dom-ready.min.js
Not Found: /sitemap_index.xml
Not Found: /wp-includes/css/dist/block-library/style.min.css
Not Found: /wp-content/uploads/2023/05/thai-ho-chi-minh-kul.png
Not Found: /holiday-packages/
Not Found: /trip/baku-4star/
Not Found: /trip/maldives-3star-hotel/
Not Found: /static/img/ui-icons_555555_256x240.png
Not Found: /holiday-packages/
Not Found: /wp-travel-dashboard/
Not Found: /trip-types/holiday-package/
Not Found: /trip/singapore-malaysia/
Not Found: /robots.txt
Not Found: /robots.txt
Not Found: /robots.txt
Not Found: /page-sitemap.xml
Not Found: /.well-known/traffic-advice
Not Found: /static/img/ui-icons_555555_256x240.png
Not Found: /robots.txt
Not Found: /robots.txt
Not Found: /trip/maldives-3star-hotel/maldives,%20palm%20tree,%20hammock-3220702.jpg
Not Found: /robots.txt
Not Found: /trip/dubai/
Not Found: /trip/baku-4star/
Not Found: /robots.txt
Not Found: /trip/tokyo/
Not Found: /trip-types/
Not Found: /activities/holiday-package/feed/
Not Found: /feed/
Not Found: /feed/
Not Found: /comments/feed/
Not Found: /comments/feed/
Not Found: /destinations/singapore/
Not Found: /.well-known/traffic-advice
Not Found: /wp-content/uploads/2023/07/Poor-Face.png
Not Found: /wp-content/uploads/2023/07/good-face.png
Not Found: /wp-content/uploads/2023/07/face-stars.png
Not Found: /wp-content/uploads/2023/07/average-face.png
Not Found: /wp-content/uploads/2023/07/good-face.png
Not Found: /wp-content/uploads/2023/07/face-stars.png
Not Found: /wp-content/uploads/2023/07/average-face.png
Not Found: /wp-content/uploads/2023/07/Poor-Face.png
Not Found: /wp-content/uploads/2023/07/Poor-Face.png
Not Found: /wp-content/uploads/2023/07/average-face.png
Not Found: /wp-content/uploads/2023/07/face-stars.png
Not Found: /wp-content/uploads/2023/07/good-face.png
Not Found: /wp-content/uploads/2023/07/good-face.png
Not Found: /wp-content/uploads/2023/07/Poor-Face.png
Not Found: /wp-content/uploads/2023/07/average-face.png
Not Found: /wp-content/uploads/2023/07/face-stars.png
Not Found: /robots.txt
Not Found: /.well-known/traffic-advice
Not Found: /robots.txt
Not Found: /wp-content/uploads/2023/05/temple-architecture-building-1670926.jpg
Not Found: /wp-content/uploads/2023/05/temple-architecture-building-1670926.jpg
Not Found: /robots.txt
Not Found: /robots.txt
Not Found: /wp-travel-dashboard/
Not Found: /robots.txt
Not Found: /robots.txt
Not Found: /feed/
Not Found: /static/img/ui-icons_555555_256x240.png
Not Found: /wp-content/uploads/2023/05/thai-sin-kul-1024x683.png
Not Found: /wp-content/uploads/2023/05/thai-sin-kul-1024x683.png
Not Found: /wp-content/uploads/2023/05/maldives-palm-tree-hammock-3220702.jpg
Not Found: /wp-content/uploads/2023/05/fihalhohi-island.jpg
Not Found: /wp-content/uploads/2023/05/maldives-palm-tree-hammock-3220702.jpg
Not Found: /wp-content/uploads/2023/05/fihalhohi-island.jpg
Not Found: /wp-travel-engine-cart/
Not Found: /trip/baku-4star/
Not Found: /apple-touch-icon.png
Not Found: /favicon.ico
Not Found: /apple-touch-icon-precomposed.png
Not Found: /destinations/indonesia/
Not Found: /tigerpark
Not Found: /trip/maldives-3star-hotel/
Not Found: /tigerpark/
Not Found: /robots.txt
Not Found: /wp-content/uploads/2023/05/sin-kul.png
Not Found: /wp-content/uploads/2023/05/maldives-palm-tree-hammock-3220702-990x490.jpg
Not Found: /trip/maldives-3star-hotel/
Not Found: /trip-types/holiday-package/
Not Found: /robots.txt
Not Found: /wp-travel-dashboard/
Not Found: /robots.txt
Not Found: /ads.txt
Not Found: /robots.txt
Not Found: /trip/maldives-3star-hotel/
Not Found: /robots.txt
Not Found: /activities/holiday-package/
Not Found: /trip-types/
Not Found: /trip/maldives-3star-hotel/
Not Found: /trip/dubai/
Not Found: /trip-types/
Not Found: /robots.txt
Not Found: /.well-known/traffic-advice
Not Found: /trip/maldives-3star-hotel/hammock-3220702.jpg
Not Found: /trip/baku-4star/
Not Found: /2022/10/24/hello-world/
Not Found: /robots.txt
Not Found: /activities/holiday-package/
Not Found: /wp-content/uploads/2023/07/Poor-Face.png
Not Found: /wp-content/uploads/2023/07/face-stars.png
Not Found: /wp-content/uploads/2023/07/average-face.png
Not Found: /wp-content/uploads/2023/07/good-face.png
Not Found: /wp-content/uploads/2023/07/Poor-Face.png
Not Found: /wp-content/uploads/2023/07/good-face.png
Not Found: /wp-content/uploads/2023/07/face-stars.png
Not Found: /wp-content/uploads/2023/07/average-face.png
Not Found: /robots.txt
Not Found: /trip/baku-4star/
Not Found: /.well-known/traffic-advice
Not Found: /wp-content/uploads/2023/05/thailand-phuket-koh-phi-phi-1451382.jpg
Not Found: /wp-content/uploads/2023/05/thailand-phuket-koh-phi-phi-1451382.jpg
Not Found: /2023/07/
Not Found: /wp-content/uploads/2023/12/Flightmandu-white-139x139.png
Not Found: /wp-content/uploads/2023/12/Flightmandu-white-139x139.png
Not Found: /wp-content/uploads/2023/12/Flightmandu-white-139x139.png
Not Found: /wp-content/uploads/2023/05/thailand-phuket-koh-phi-phi-1451382.jpg
Not Found: /.well-known/traffic-advice
Not Found: /destination/
Not Found: /wp-content/uploads/2023/07/good-face.png
Not Found: /wp-content/uploads/2023/07/average-face.png
Not Found: /wp-content/uploads/2023/07/Poor-Face.png
Not Found: /wp-content/uploads/2023/07/face-stars.png
Not Found: /apple-touch-icon-120x120-precomposed.png
Not Found: /apple-touch-icon-120x120.png
Not Found: /apple-touch-icon-precomposed.png
Not Found: /apple-touch-icon.png
Not Found: /trip/dubai/
Not Found: /robots.txt
Not Found: /trip/maldives-private-resorts/
Not Found: /trip/bangkok-phuket-krabi/
Not Found: /trip/thailand-singapore-malaysia/
Not Found: /destinations/azerbaijan/
Not Found: /trip/pattaya-bangkok/
Not Found: /trip/thailand-hochiminh-malaysia/
Not Found: /trip/thailand-singapore-malaysia-8n-9d/
Not Found: /robots.txt
Not Found: /trip/maldives-3star-hotel/
Not Found: /trip/maldives-3star-hotel/
Not Found: /2023/07/
Not Found: /%22https://websitedemos.net//%22
Not Found: /robots.txt
Not Found: /wp-content/uploads/2022/10/bg-006.png
Not Found: /wp-content/uploads/2023/05/maldives-palm-tree-hammock-3220702-990x490.jpg
Not Found: /activities/holiday-package/
Not Found: /robots.txt
Not Found: /wp-content/uploads/2023/12/Flightmandu-white.png
Not Found: /robots.txt
Not Found: /trip/maldives-3star-hotel/
Not Found: /2023/07/
Not Found: /robots.txt
Not Found: /2023/07/
Not Found: /trip/singapore-malaysia/
Not Found: /activities/holiday-package/
Not Found: /trip/dubai/
Not Found: /destinations/singapore/
Not Found: /robots.txt
rendered
rendered
User logged in successfully as admin
rendered
rendered
Not Found: /static/img/ui-icons_555555_256x240.png
Not Found: /robots.txt
Not Found: /robots.txt
Not Found: /robots.txt
Not Found: /trip-types/holiday-package/
Not Found: /trip/maldives-3star-hotel/
Not Found: /robots.txt
Not Found: /monika
Not Found: /favicon.ico
Not Found: /monika
Not Found: /robots.txt
Not Found: /trip/dubai/
Not Found: /comments/feed/
Not Found: /comments/feed/
Not Found: /robots.txt
Not Found: /robots.txt
Not Found: /safariworld
Not Found: /wp-content/plugins/royal-elementor-addons/
Not Found: /trip/maldives-3star-hotel/
Not Found: /robots.txt
Not Found: /robots.txt
Not Found: /wp-content/plugins/woocommerce/assets/client/blocks/wc-settings.js
Not Found: /robots.txt
Not Found: /wp-content/plugins/woocommerce/assets/client/blocks/wc-settings.js
Not Found: /wp-content/plugins/woocommerce/assets/client/blocks/wc-settings.js
Not Found: /activities/holiday-package/
Not Found: /robots.txt
Not Found: /robots.txt
Not Found: /activities/holiday-package/
Not Found: /robots.txt
Not Found: /package/blog-home.html
Not Found: /package/index.html
Not Found: /static/img/ui-icons_555555_256x240.png
Not Found: /static/img/ui-icons_555555_256x240.png
Not Found: /static/img/ui-icons_555555_256x240.png
Not Found: /robots.txt
Not Found: /wp-content/uploads/2023/08/merlion-1.png
Not Found: /robots.txt
Not Found: /destinations/maldives/
Not Found: /2023/07/
Not Found: /trip/dubai/
Not Found: /.well-known/traffic-advice
Not Found: /destination/
Not Found: /favicon.ico
Not Found: /destination/
Not Found: /trip-search-result/
Not Found: /trip-search-result/
Not Found: /robots.txt
Not Found: /trip/baku-4star/
Not Found: /trip/maldives-3star-hotel/
Not Found: /wp-content/uploads/2023/08/Singapore-to-Malaysia-by-bus-first-coach-1024x1024.png
Not Found: /wp-admin/admin-ajax.php
Not Found: /robots.txt
Not Found: /robots.txt
Not Found: /robots.txt
Not Found: /robots.txt
Not Found: /ads.txt
Not Found: /terms%26amp%3Bcondition/
Not Found: /trip/maldives-private-resorts
Not Found: /trip/thailand-hochiminh-malaysia
Not Found: /holiday-packages
Not Found: /destinations/maldives
Not Found: /trip/dubai
Not Found: /snorkeling
Not Found: /visa
Not Found: /trip/thailand-singapore-malaysia-8n-9d
Not Found: /trip/maldives-3star-hotel
Not Found: /trip/dubai-5star
Not Found: /destinations/dubai
Not Found: /trip/singapore-malaysia
Not Found: /trip/baku-4star
Not Found: /trip/thailand-singapore-malaysia
Not Found: /destinations/vietnam/
Not Found: /trip/pattaya-bangkok
Not Found: /activities/holiday-package/page/2/
Not Found: /destinations/singapore
Not Found: /tigerpark
Not Found: /destinations/vietnam/
Not Found: /trip/bangkok-phuket-krabi
Not Found: /destinations/maldives/
Not Found: /destinations/azerbaijan
Not Found: /package/blog-home.html
Not Found: /package/index.html
Not Found: /robots.txt
Not Found: /wp-content/uploads/2023/08/batu-cave-300x300.jpg
Not Found: /robots.txt
Not Found: /robots.txt
Not Found: /robots.txt
Not Found: /robots.txt
Not Found: /ads.txt
Not Found: /terms%26amp%3Bcondition/
Not Found: /trip/thailand-singapore-malaysia-8n-9d
Not Found: /destinations/maldives/
Not Found: /destinations/dubai
Not Found: /holiday-packages
Not Found: /trip/baku-4star
Not Found: /trip/singapore-malaysia
Not Found: /destinations/vietnam/
Not Found: /destinations/maldives
Not Found: /destinations/vietnam/
Not Found: /visa
Not Found: /trip/bangkok-phuket-krabi
Not Found: /destinations/azerbaijan
Not Found: /trip/maldives-private-resorts
Not Found: /snorkeling
Not Found: /trip/thailand-hochiminh-malaysia
Not Found: /trip/dubai-5star
Not Found: /trip/maldives-3star-hotel
Not Found: /tigerpark
Not Found: /trip/thailand-singapore-malaysia
Not Found: /trip/pattaya-bangkok
Not Found: /activities/holiday-package/page/2/
Not Found: /destinations/singapore
Not Found: /trip/dubai
Not Found: /package/index.html
Not Found: /package/blog-home.html
Not Found: /wp-content/uploads/2023/08/singapore-300x300.png
Not Found: /wp-content/uploads/2023/08/merlion-1-768x768.png
Not Found: /destinations/thailand/
Not Found: /destinations/thailand/
Not Found: /activities/holiday-package/
Not Found: /wp-content/uploads/2023/08/Singapore-to-Malaysia-by-bus-first-coach-768x768.png
Not Found: /wp-content/uploads/2023/08/singapore-300x300.png
rendered
Not Found: /robots.txt
Not Found: /wp-json/
Not Found: /wp-content/uploads/2023/08/batu-cave-300x300.jpg
Not Found: /.well-known/traffic-advice
Not Found: /wp-json/wp/v2/destination/16
Not Found: /robots.txt
Not Found: /wp-content/uploads/2023/09/plane-begin-flying-4063592.jpg
Not Found: /wp-content/uploads/2023/08/merlion-1-768x768.png
Not Found: /wp-content/uploads/2023/07/face-stars.png
Not Found: /wp-content/uploads/2023/07/average-face.png
Not Found: /wp-content/uploads/2023/07/Poor-Face.png
Not Found: /wp-content/uploads/2023/07/good-face.png
Not Found: /wp-content/uploads/2023/07/Poor-Face.png
Not Found: /wp-content/uploads/2023/07/face-stars.png
Not Found: /wp-content/uploads/2023/07/good-face.png
Not Found: /wp-content/uploads/2023/07/average-face.png
Not Found: /robots.txt
Not Found: /robots.txt
Not Found: /favicon.ico
Not Found: /trip/thailand-singapore-malaysia/
Not Found: /wp-content/uploads/2023/08/kuala-lumpur-300x300.png
Not Found: /safariworld/
Not Found: /robots.txt
Not Found: /robots.txt
Not Found: /activities/holiday-package/
Not Found: /favicon.ico
Not Found: /robots.txt
Not Found: /activities/holiday-package/
Not Found: /robots.txt
Not Found: /wp-content/uploads/2023/05/thailand-phuket-koh-phi-phi-1451382.jpg
Not Found: /robots.txt
rendered
Not Found: /wp-content/uploads/2023/05/thailand-phuket-koh-phi-phi-1451382.jpg
Not Found: /robots.txt
Not Found: /destinations/indonesia/
Not Found: /robots.txt
Not Found: /destinations/indonesia/
Not Found: /destination/
Not Found: /favicon.ico
Not Found: /wp-content/uploads/2023/05/thailand-phuket-koh-phi-phi-1451382.jpg
Not Found: /author/dmin/
Not Found: /author/dmin/
Not Found: /author/dmin/
Not Found: /robots.txt
Not Found: /trip/maldives-3star-hotel/
Not Found: /package/index.html
Not Found: /package/index.html
Not Found: /package/blog-home.html
Not Found: /package/blog-home.html
Not Found: /robots.txt
Not Found: /trip-types/
Not Found: /wp-content/uploads/2023/09/plane-begin-flying-4063592-1024x682.jpg
Not Found: /trip-types/
Not Found: /destinations/maldives/
Not Found: /robots.txt
Not Found: /destinations/indonesia/
Not Found: /destinations/indonesia/
Not Found: /robots.txt
Not Found: /trip-sitemap.xml
Not Found: /trip_types-sitemap.xml
Not Found: /safariworld
Not Found: /robots.txt
Not Found: /safariworld/
Not Found: /wp-content/uploads/2023/08/merlion-1.png
Not Found: /robots.txt
Not Found: /robots.txt
Not Found: /wp-content/uploads/2023/04/cropped-Flightmandu-logo.png
Not Found: /destination/
Not Found: /favicon.ico
Not Found: /trip-search-result/
Not Found: /author/dmin/
Not Found: /wp-content/uploads/2023/07/good-face.png
Not Found: /wp-content/uploads/2023/07/face-stars.png
Not Found: /wp-content/uploads/2023/07/Poor-Face.png
Not Found: /wp-content/uploads/2023/07/average-face.png
Not Found: /wp-content/uploads/2023/07/Poor-Face.png
Not Found: /wp-content/uploads/2023/07/face-stars.png
Not Found: /wp-content/uploads/2023/07/good-face.png
Not Found: /wp-content/uploads/2023/07/average-face.png
Not Found: /wp-content/uploads/2023/07/face-stars.png
Not Found: /wp-content/uploads/2023/07/good-face.png
Not Found: /wp-content/uploads/2023/07/Poor-Face.png
Not Found: /wp-content/uploads/2023/07/average-face.png
Not Found: /wp-content/uploads/2023/05/thailand-phuket-koh-phi-phi-1451382.jpg
Not Found: /.well-known/traffic-advice
Not Found: /robots.txt
Not Found: /wp-content/plugins/startklar-elmentor-forms-extwidgets/assets/dropzone/basic.css
Not Found: /trip-search-result/
Not Found: /trip-search-result/
Not Found: /wp-json
Not Found: /wp-json
Not Found: /wp-content/plugins/wordpres-yaooo/admin.php
Not Found: /wp-content/plugins/wordpres-googlepagespeed/admin.php
Not Found: /wp-content/plugins/wordpress-jseo/admin.php
Not Found: /wp-content/plugins/wordpres-yastst/admin.php
Not Found: /wp-content/plugins/wordpress-seoa/admin.php
Not Found: /wp-content/plugins/wordpres-wpps/admin.php
Not Found: /wp-content/plugins/temporary-login/core/admin.php
Not Found: /wp-content/plugins/wadidaw/admin.php
Not Found: /wp-content/plugins/wordpres-woosc/admin.php
Not Found: /wp-content/plugins/wordpres-yastsrec/admin.php
Not Found: /wp-content/plugins/wordpres-yastsr/admin.php
Not Found: /wp-content/plugins/wordpres-yasts/admin.php
Not Found: /wp-content/plugins/catnip/admin.php
Not Found: /wp-content/plugins/wordpres-wpz/admin.php
Not Found: /wp-content/plugins/wordpres-woots/admin.php
Not Found: /wp-content/plugins/wordpress-wpsseo/admin.php
Not Found: /wp-content/plugins/wordpres-woo/admin.php
Not Found: /wp-content/plugins/wordpres-yaoos/admin.php
Not Found: /wp-content/plugins/wordpress-sseo/admin.php
Not Found: /wp-content/plugins/wordpress-jbsseo/admin.php
Not Found: /wp-content/plugins/wordpres-wp/admin.php
Not Found: /wp-content/plugins/wordpres-wpsss/admin.php
Not Found: /wp-content/plugins/wordpres-yastsrs/admin.php
Not Found: /wp-content/plugins/wordpresssoe/admin.php
Not Found: /wp-content/plugins/wordpres-wooall/admin.php
Not Found: /wp-content/plugins/wordpress-wpe/admin.php
Not Found: /wp-content/plugins/wordpress-wpssseo/admin.php
Not Found: /wp-content/plugins/wordpres-seoseo/admin.php
Not Found: /wp-content/plugins/wordpres-wpp/admin.php
Not Found: /wp-content/plugins/wordpresssoees/admin.php
Not Found: /wp-content/plugins/wordpres-yaoo/admin.php
Not Found: /wp-content/plugins/wordpres-yaosos/admin.php
Not Found: /wp-content/plugins/wordpres-yaososs/admin.php
Not Found: /wp-content/plugins/wordpres-wpw/admin.php
Not Found: /wp-content/plugins/wordpres-yastsre/admin.php
Not Found: /wp-content/plugins/wordpres-wpwp/admin.php
Not Found: /wp-content/plugins/wordpres-wps/admin.php
Not Found: /wp-content/plugins/wordpres-wp3/admin.php
Not Found: /wp-content/plugins/wordpres-wp2/admin.php
Not Found: /wp-content/plugins/wordpres-seosep/admin.php
Not Found: /wp-content/plugins/wordpres-woos/admin.php
Not Found: /wp-content/plugins/wordpres-woot/admin.php
Not Found: /wp-content/plugins/wordpres-wpss/admin.php
Not Found: /wp-content/plugins/wordpres-wpssc/admin.php
Not Found: /wp-content/plugins/wordpres-yastse/admin.php
Forbidden (Referer checking failed - no Referer.): /
Forbidden (Referer checking failed - no Referer.): /
Not Found: /wp-admin/admin-ajax.php
Forbidden (Referer checking failed - no Referer.): /
Not Found: /wp-content/uploads/2023/05/maldives-palm-tree-hammock-3220702-990x490.jpg
Not Found: /robots.txt
Not Found: /safariworld/
Not Found: /wp-content/uploads/2023/08/kuala-lumpur-768x768.png
Not Found: /page-sitemap.xml
Not Found: /trip/
Not Found: /wp-content/uploads/2023/12/Flightmandu-white-139x139.png
Not Found: /robots.txt
Not Found: /trip/pattaya-bangkok/
Not Found: /robots.txt
Not Found: /robots.txt
Not Found: /package/index.html
Not Found: /wp-content/uploads/2023/07/face-stars.png
Not Found: /wp-content/uploads/2023/07/average-face.png
Not Found: /wp-content/uploads/2023/07/good-face.png
Not Found: /wp-content/uploads/2023/07/Poor-Face.png
User logged in successfully as admin
Not Found: /wp-content/uploads/2023/07/Poor-Face.png
Not Found: /wp-content/uploads/2023/07/average-face.png
Not Found: /wp-content/uploads/2023/07/face-stars.png
Not Found: /wp-content/uploads/2023/07/good-face.png
Not Found: /wp-content/uploads/2023/07/good-face.png
Not Found: /wp-content/uploads/2023/07/face-stars.png
Not Found: /wp-content/uploads/2023/07/Poor-Face.png
Not Found: /wp-content/uploads/2023/07/average-face.png
Not Found: /wp-content/uploads/2023/07/good-face.png
Not Found: /package/index.html
Not Found: /wp-content/uploads/2023/07/face-stars.png
Not Found: /wp-content/uploads/2023/07/Poor-Face.png
Not Found: /wp-content/uploads/2023/07/good-face.png
Not Found: /wp-content/uploads/2023/07/average-face.png
Not Found: /trip/bali/
Not Found: /trip/tokyo/
Not Found: /trip/hongkong/
Not Found: /wp-json/wp/v2/destination/23
Not Found: /wp-content/uploads/2023/07/face-stars.png
Not Found: /wp-content/uploads/2023/07/Poor-Face.png
Not Found: /wp-content/uploads/2023/07/Poor-Face.png
Not Found: /wp-content/uploads/2023/07/face-stars.png
Not Found: /wp-content/uploads/2023/07/average-face.png
Not Found: /wp-content/uploads/2023/07/average-face.png
Not Found: /wp-content/uploads/2023/07/Poor-Face.png
Not Found: /wp-content/uploads/2023/07/average-face.png
Not Found: /wp-content/uploads/2023/07/good-face.png
[UID:2887][215715] Reached max children process limit: 6, extra: 2, current: 8, busy: 7, please increase LSAPI_CHILDREN.
Not Found: /wp-content/uploads/2023/07/Poor-Face.png
Not Found: /wp-content/uploads/2023/07/face-stars.png
[UID:2887][215715] Reached max children process limit: 6, extra: 2, current: 8, busy: 8, please increase LSAPI_CHILDREN.
[UID:2887][215715] Reached max children process limit: 6, extra: 2, current: 8, busy: 8, please increase LSAPI_CHILDREN.
[UID:2887][215715] Reached max children process limit: 6, extra: 2, current: 8, busy: 8, please increase LSAPI_CHILDREN.
Not Found: /wp-content/uploads/2023/07/Poor-Face.png
[UID:2887][215715] Reached max children process limit: 6, extra: 2, current: 8, busy: 8, please increase LSAPI_CHILDREN.
Not Found: /wp-content/uploads/2023/07/face-stars.png
[UID:2887][215715] Reached max children process limit: 6, extra: 2, current: 8, busy: 8, please increase LSAPI_CHILDREN.
Not Found: /wp-content/uploads/2023/07/good-face.png
Not Found: /wp-content/uploads/2023/07/good-face.png
[UID:2887][215715] Reached max children process limit: 6, extra: 2, current: 8, busy: 8, please increase LSAPI_CHILDREN.
Not Found: /wp-content/uploads/2023/07/average-face.png
[UID:2887][215715] Reached max children process limit: 6, extra: 2, current: 8, busy: 8, please increase LSAPI_CHILDREN.
[UID:2887][215715] Reached max children process limit: 6, extra: 2, current: 8, busy: 8, please increase LSAPI_CHILDREN.
[UID:2887][215715] Reached max children process limit: 6, extra: 2, current: 8, busy: 8, please increase LSAPI_CHILDREN.
[UID:2887][215715] Reached max children process limit: 6, extra: 2, current: 8, busy: 8, please increase LSAPI_CHILDREN.
[UID:2887][215715] Reached max children process limit: 6, extra: 2, current: 8, busy: 7, please increase LSAPI_CHILDREN.
[UID:2887][215715] Reached max children process limit: 6, extra: 2, current: 8, busy: 8, please increase LSAPI_CHILDREN.
[UID:2887][215715] Reached max children process limit: 6, extra: 2, current: 8, busy: 8, please increase LSAPI_CHILDREN.
Not Found: /wp-content/uploads/2023/07/Poor-Face.png
Not Found: /average
Not Found: /admin.php
Not Found: /radio.php
Not Found: /robots.txt
Not Found: /trip/pattaya-bangkok/
Not Found: /robots.txt
Not Found: /wp-content/uploads/2023/12/Flightmandu-white.png
Not Found: /robots.txt
Not Found: /robots.txt
Not Found: /wp-json/wp/v2/pages/1652
Not Found: /good
Not Found: /robots.txt
Not Found: /.well-known/traffic-advice
Not Found: /package/blog-home.html
Not Found: /robots.txt
Not Found: /robots.txt
Not Found: /robots.txt
Not Found: /package/blog-home.html
Not Found: /robots.txt
Not Found: /robots.txt
Not Found: /average
Not Found: /robots.txt
Not Found: /robots.txt
Not Found: /desertsafari
Not Found: /wp-content/uploads/2023/08/Singapore-to-Malaysia-by-bus-first-coach-1024x1024.png
Not Found: /wp-content/uploads/2023/05/thai-ho-chi-minh-kul-990x490.png
Not Found: /robots.txt
Not Found: /wp-content/uploads/2023/05/sin-kul-990x490.png
Not Found: /activities/holiday-package/
Not Found: /robots.txt
Not Found: /safariworld/
Not Found: /robots.txt
Not Found: /trip/
Not Found: /wp-content/uploads/2023/08/merlion-1.png
OSError: LSAPI: Socket read/write error
Not Found: /robots.txt
Not Found: /wp-json/wp/v2/pages/1486
Not Found: /robots.txt
Not Found: /trip/singapore-malaysia/
Not Found: /trip-search-result/
Not Found: /wp-content/uploads/2023/05/thailand-phuket-koh-phi-phi-1451382.jpg
Not Found: /wp-content/uploads/2023/05/thailand-phuket-koh-phi-phi-1451382.jpg
Not Found: /wp-content/uploads/2023/07/good-face.png
Not Found: /wp-content/uploads/2023/07/Poor-Face.png
Not Found: /wp-content/uploads/2023/07/face-stars.png
Not Found: /wp-content/uploads/2023/07/average-face.png
Not Found: /wp-content/uploads/2023/07/face-stars.png
Not Found: /wp-content/uploads/2023/07/Poor-Face.png
Not Found: /wp-content/uploads/2023/07/average-face.png
Not Found: /wp-content/uploads/2023/07/good-face.png
Not Found: /wp-content/uploads/2023/07/good-face.png
Not Found: /wp-content/uploads/2023/07/Poor-Face.png
Not Found: /wp-content/uploads/2023/07/average-face.png
Not Found: /wp-content/uploads/2023/07/face-stars.png
Not Found: /wp-content/uploads/2023/07/good-face.png
Not Found: /wp-content/uploads/2023/07/face-stars.png
Not Found: /wp-content/uploads/2023/07/Poor-Face.png
Not Found: /wp-content/uploads/2023/07/average-face.png
Not Found: /wp-content/uploads/2023/07/good-face.png
Not Found: /wp-content/uploads/2023/07/good-face.png
Not Found: /wp-content/uploads/2023/07/average-face.png
Not Found: /wp-content/uploads/2023/07/face-stars.png
Not Found: /wp-content/uploads/2023/07/Poor-Face.png
Not Found: /wp-content/uploads/2023/07/face-stars.png
Not Found: /wp-content/uploads/2023/07/good-face.png
Not Found: /wp-content/uploads/2023/07/Poor-Face.png
Not Found: /wp-content/uploads/2023/07/average-face.png
Not Found: /wp-content/uploads/2023/07/face-stars.png
Not Found: /wp-content/uploads/2023/07/average-face.png
Not Found: /wp-content/uploads/2023/07/good-face.png
Not Found: /wp-content/uploads/2023/07/Poor-Face.png
Not Found: /wp-content/uploads/2023/07/good-face.png
Not Found: /wp-content/uploads/2023/07/face-stars.png
Not Found: /wp-content/uploads/2023/07/Poor-Face.png
Not Found: /wp-content/uploads/2023/07/average-face.png
Not Found: /wp-content/uploads/2023/07/Poor-Face.png
Not Found: /wp-content/uploads/2023/07/face-stars.png
Not Found: /wp-content/uploads/2023/07/average-face.png
Not Found: /wp-content/uploads/2023/07/good-face.png
Not Found: /wp-content/uploads/2023/07/good-face.png
Not Found: /wp-content/uploads/2023/07/face-stars.png
Not Found: /wp-content/uploads/2023/07/average-face.png
Not Found: /wp-content/uploads/2023/07/Poor-Face.png
Not Found: /wp-content/uploads/2023/07/face-stars.png
Not Found: /wp-content/uploads/2023/07/good-face.png
Not Found: /wp-content/uploads/2023/07/average-face.png
Not Found: /wp-content/uploads/2023/07/Poor-Face.png
Not Found: /wp-content/uploads/2023/07/face-stars.png
Not Found: /wp-content/uploads/2023/07/good-face.png
Not Found: /wp-content/uploads/2023/07/face-stars.png
Not Found: /wp-content/uploads/2023/07/good-face.png
Not Found: /wp-content/uploads/2023/07/Poor-Face.png
Not Found: /wp-content/uploads/2023/07/average-face.png
Not Found: /wp-content/uploads/2023/07/good-face.png
Not Found: /wp-content/uploads/2023/07/face-stars.png
Not Found: /wp-content/uploads/2023/07/average-face.png
Not Found: /wp-content/uploads/2023/07/Poor-Face.png
Not Found: /wp-content/uploads/2023/07/face-stars.png
Not Found: /wp-content/uploads/2023/07/good-face.png
Not Found: /wp-content/uploads/2023/07/average-face.png
Not Found: /wp-content/uploads/2023/07/Poor-Face.png
Not Found: /wp-content/uploads/2023/07/Poor-Face.png
Not Found: /wp-content/uploads/2023/07/average-face.png
Not Found: /wp-content/uploads/2023/07/face-stars.png
Not Found: /wp-content/uploads/2023/07/good-face.png
Not Found: /robots.txt
Not Found: /wp-content/uploads/2023/05/thailand-phuket-koh-phi-phi-1451382.jpg
Not Found: /poor
Not Found: /wp-content/uploads/2023/08/Singapore-to-Malaysia-by-bus-first-coach-1024x1024.png
Not Found: /static/img/ui-icons_555555_256x240.png
Not Found: /wp-content/uploads/2023/05/thailand-phuket-koh-phi-phi-1451382.jpg
Not Found: /robots.txt
Not Found: /robots.txt
Not Found: /robots.txt
Not Found: /robots.txt
Not Found: /robots.txt
Not Found: /robots.txt
Not Found: /static/img/ui-icons_555555_256x240.png
Not Found: /holiday-packages/
Not Found: /trip/baku-3star/
Not Found: /holiday-packages/
Not Found: /robots.txt
Not Found: /robots.txt
Not Found: /wp-content/uploads/2023/05/thailand-phuket-koh-phi-phi-1451382.jpg
Not Found: /favicon.ico
Not Found: /wp-content/uploads/2023/05/dubai2-2.png
Not Found: /robots.txt
Not Found: /wp-content/uploads/2023/08/merlion-1-768x768.png
Not Found: /wp-content/uploads/2023/08/singapore-300x300.png
Not Found: /wp-content/uploads/2023/08/kuala-lumpur-300x300.png
Not Found: /trip-search-result/
Not Found: /wp-content/uploads/2023/05/thai-ho-chi-minh-kul-1024x683.png
Not Found: /wp-content/uploads/2023/09/plane-begin-flying-4063592.jpg
Not Found: /wp-content/uploads/2023/05/200924183413-dubai-9-1.jpg
Not Found: /robots.txt
Not Found: /trip/dubai/
Not Found: /trip/
Not Found: /robots.txt
Not Found: /wp-content/uploads/2023/07/good-face.png
Not Found: /wp-content/uploads/2023/07/average-face.png
Not Found: /wp-content/uploads/2023/07/face-stars.png
Not Found: /wp-content/uploads/2023/07/Poor-Face.png
Not Found: /wp-content/uploads/2023/07/face-stars.png
Not Found: /wp-content/uploads/2023/07/average-face.png
Not Found: /wp-content/uploads/2023/07/good-face.png
Not Found: /wp-content/uploads/2023/07/Poor-Face.png
Not Found: /safariworld/
Not Found: /wp-content/uploads/2023/08/Singapore-to-Malaysia-by-bus-first-coach-768x768.png
2024-07-10
Not Found: /robots.txt
2024-07-05
2024-07-06
2024-07-07
2024-07-08
2024-07-09
2024-07-19
2024-07-11
2024-07-16
2024-07-17
2024-07-15
2024-07-18
Not Found: /wp-content/uploads/2023/07/average-face.png
Not Found: /wp-content/uploads/2023/07/good-face.png
Not Found: /wp-content/uploads/2023/07/Poor-Face.png
Not Found: /wp-content/uploads/2023/07/face-stars.png
Not Found: /robots.txt
Not Found: /destinations/malaysia/
2024-06-02
2024-06-03
[UID:2887][3399778] Child process with pid: 3399838 was killed by signal: 15, core dump: 0
Not Found: /trip/thailand-hochiminh-malaysia/
Not Found: /wp-content/uploads/2023/05/200924183413-dubai-9-1-990x490.jpg
Not Found: /robots.txt
Not Found: /package/index.html
Not Found: /page-sitemap.xml
Not Found: /package/blog-home.html
Not Found: /wp-content/uploads/2023/12/Flightmandu-white.png
Not Found: /wp-content/uploads/2023/12/Flightmandu-white.png
Not Found: /wp-content/uploads/2023/12/Flightmandu-white-139x139.png
Not Found: /robots.txt
Not Found: /meta.json
